Using pre-set license
Built from '2022.3/staging' branch; Version is '2022.3.27f1 (73effa14754f) revision 7598074'; Using compiler version '192829333'; Build Type 'Release'
OS: 'Windows 11  (10.0.22631) 64bit CoreSingleLanguage' Language: 'en' Physical Memory: 16163 MB
BatchMode: 1, IsHumanControllingUs: 0, StartBugReporterOnCrash: 0, Is64bit: 1, IsPro: 1

COMMAND LINE ARGUMENTS:
E:\UnityEditor\2022.3.27f1\Editor\Unity.exe
-adb2
-batchMode
-noUpm
-name
AssetImportWorker3
-projectPath
F:/Unity_Project/Editor/PC/Offline/2D/Mini World
-logFile
Logs/AssetImportWorker3.log
-srvPort
50664
Successfully changed project path to: F:/Unity_Project/Editor/PC/Offline/2D/Mini World
F:/Unity_Project/Editor/PC/Offline/2D/Mini World
[UnityMemory] Configuration Parameters - Can be set up in boot.config
    "memorysetup-bucket-allocator-granularity=16"
    "memorysetup-bucket-allocator-bucket-count=8"
    "memorysetup-bucket-allocator-block-size=33554432"
    "memorysetup-bucket-allocator-block-count=8"
    "memorysetup-main-allocator-block-size=16777216"
    "memorysetup-thread-allocator-block-size=16777216"
    "memorysetup-gfx-main-allocator-block-size=16777216"
    "memorysetup-gfx-thread-allocator-block-size=16777216"
    "memorysetup-cache-allocator-block-size=4194304"
    "memorysetup-typetree-allocator-block-size=2097152"
    "memorysetup-profiler-bucket-allocator-granularity=16"
    "memorysetup-profiler-bucket-allocator-bucket-count=8"
    "memorysetup-profiler-bucket-allocator-block-size=33554432"
    "memorysetup-profiler-bucket-allocator-block-count=8"
    "memorysetup-profiler-allocator-block-size=16777216"
    "memorysetup-profiler-editor-allocator-block-size=1048576"
    "memorysetup-temp-allocator-size-main=16777216"
    "memorysetup-job-temp-allocator-block-size=2097152"
    "memorysetup-job-temp-allocator-block-size-background=1048576"
    "memorysetup-job-temp-allocator-reduction-small-platforms=262144"
    "memorysetup-allocator-temp-initial-block-size-main=262144"
    "memorysetup-allocator-temp-initial-block-size-worker=262144"
    "memorysetup-temp-allocator-size-background-worker=32768"
    "memorysetup-temp-allocator-size-job-worker=262144"
    "memorysetup-temp-allocator-size-preload-manager=33554432"
    "memorysetup-temp-allocator-size-nav-mesh-worker=65536"
    "memorysetup-temp-allocator-size-audio-worker=65536"
    "memorysetup-temp-allocator-size-cloud-worker=32768"
    "memorysetup-temp-allocator-size-gi-baking-worker=262144"
    "memorysetup-temp-allocator-size-gfx=262144"
Player connection [15564] Host "[IP] 192.168.0.104 [Port] 0 [Flags] 2 [Guid] 1071182927 [EditorId] 1071182927 [Version] 1048832 [Id] WindowsEditor(7,MQuang) [Debug] 1 [PackageName] WindowsEditor [ProjectName] Editor" joined multi-casting on [225.0.0.222:54997]...

Player connection [15564] Host "[IP] 192.168.0.104 [Port] 0 [Flags] 2 [Guid] 1071182927 [EditorId] 1071182927 [Version] 1048832 [Id] WindowsEditor(7,MQuang) [Debug] 1 [PackageName] WindowsEditor [ProjectName] Editor" joined alternative multi-casting on [225.0.0.222:34997]...

[Physics::Module] Initialized MultithreadedJobDispatcher with 11 workers.
Refreshing native plugins compatible for Editor in 5.14 ms, found 4 plugins.
Preloading 0 native plugins for Editor in 0.00 ms.
Initialize engine version: 2022.3.27f1 (73effa14754f)
[Subsystems] Discovering subsystems at path E:/UnityEditor/2022.3.27f1/Editor/Data/Resources/UnitySubsystems
[Subsystems] Discovering subsystems at path F:/Unity_Project/Editor/PC/Offline/2D/Mini World/Assets
GfxDevice: creating device client; threaded=0; jobified=0
Direct3D:
    Version:  Direct3D 11.0 [level 11.1]
    Renderer: NVIDIA GeForce GTX 1650 (ID=0x1f9d)
    Vendor:   NVIDIA
    VRAM:     3962 MB
    Driver:   31.0.15.1748
Initialize mono
Mono path[0] = 'E:/UnityEditor/2022.3.27f1/Editor/Data/Managed'
Mono path[1] = 'E:/UnityEditor/2022.3.27f1/Editor/Data/MonoBleedingEdge/lib/mono/unityjit-win32'
Mono config path = 'E:/UnityEditor/2022.3.27f1/Editor/Data/MonoBleedingEdge/etc'
Using monoOptions --debugger-agent=transport=dt_socket,embedding=1,server=y,suspend=n,address=127.0.0.1:56448
Begin MonoManager ReloadAssembly
Registering precompiled unity dll's ...
Register platform support module: E:/UnityEditor/2022.3.27f1/Editor/Data/PlaybackEngines/WebGLSupport/UnityEditor.WebGL.Extensions.dll
Register platform support module: E:/UnityEditor/2022.3.27f1/Editor/Data/PlaybackEngines/AndroidPlayer/UnityEditor.Android.Extensions.dll
Register platform support module: E:/UnityEditor/2022.3.27f1/Editor/Data/PlaybackEngines/WindowsStandaloneSupport/UnityEditor.WindowsStandalone.Extensions.dll
Registered in 0.002736 seconds.
- Loaded All Assemblies, in  0.255 seconds
Native extension for WindowsStandalone target not found
Native extension for Android target not found
Android Extension - Scanning For ADB Devices 169 ms
Native extension for WebGL target not found
Mono: successfully reloaded assembly
- Finished resetting the current domain, in  0.452 seconds
Domain Reload Profiling: 707ms
	BeginReloadAssembly (73ms)
		ExecutionOrderSort (0ms)
		DisableScriptedObjects (0ms)
		BackupInstance (0ms)
		ReleaseScriptingObjects (0ms)
		CreateAndSetChildDomain (1ms)
	RebuildCommonClasses (26ms)
	RebuildNativeTypeToScriptingClass (8ms)
	initialDomainReloadingComplete (37ms)
	LoadAllAssembliesAndSetupDomain (110ms)
		LoadAssemblies (73ms)
		RebuildTransferFunctionScriptingTraits (0ms)
		AnalyzeDomain (108ms)
			TypeCache.Refresh (107ms)
				TypeCache.ScanAssembly (97ms)
			ScanForSourceGeneratedMonoScriptInfo (0ms)
			ResolveRequiredComponents (0ms)
	FinalizeReload (453ms)
		ReleaseScriptCaches (0ms)
		RebuildScriptCaches (0ms)
		SetupLoadedEditorAssemblies (406ms)
			LogAssemblyErrors (0ms)
			InitializePlatformSupportModulesInManaged (263ms)
			SetLoadedEditorAssemblies (3ms)
			RefreshPlugins (0ms)
			BeforeProcessingInitializeOnLoad (2ms)
			ProcessInitializeOnLoadAttributes (98ms)
			ProcessInitializeOnLoadMethodAttributes (39ms)
			AfterProcessingInitializeOnLoad (0ms)
			EditorAssembliesLoaded (0ms)
		ExecutionOrderSort2 (0ms)
		AwakeInstancesAfterBackupRestoration (0ms)
========================================================================
Worker process is ready to serve import requests
Begin MonoManager ReloadAssembly
- Loaded All Assemblies, in  0.520 seconds
Refreshing native plugins compatible for Editor in 2.30 ms, found 4 plugins.
Native extension for WindowsStandalone target not found
Native extension for Android target not found
Native extension for WebGL target not found
Package Manager log level set to [2]
[Package Manager] Server::EnsureServerProcessIsRunning -- launch failed, reason: Unity was launched with the -noUpm command-line argument
[Package Manager] UpmClient::Send -- Unable to send message (not connected to UPM process).
[Package Manager] Cannot connect to Unity Package Manager local server
Mono: successfully reloaded assembly
- Finished resetting the current domain, in  0.545 seconds
Domain Reload Profiling: 1065ms
	BeginReloadAssembly (107ms)
		ExecutionOrderSort (0ms)
		DisableScriptedObjects (4ms)
		BackupInstance (0ms)
		ReleaseScriptingObjects (0ms)
		CreateAndSetChildDomain (18ms)
	RebuildCommonClasses (28ms)
	RebuildNativeTypeToScriptingClass (9ms)
	initialDomainReloadingComplete (29ms)
	LoadAllAssembliesAndSetupDomain (347ms)
		LoadAssemblies (215ms)
		RebuildTransferFunctionScriptingTraits (0ms)
		AnalyzeDomain (190ms)
			TypeCache.Refresh (157ms)
				TypeCache.ScanAssembly (141ms)
			ScanForSourceGeneratedMonoScriptInfo (22ms)
			ResolveRequiredComponents (9ms)
	FinalizeReload (545ms)
		ReleaseScriptCaches (0ms)
		RebuildScriptCaches (0ms)
		SetupLoadedEditorAssemblies (404ms)
			LogAssemblyErrors (0ms)
			InitializePlatformSupportModulesInManaged (18ms)
			SetLoadedEditorAssemblies (4ms)
			RefreshPlugins (0ms)
			BeforeProcessingInitializeOnLoad (63ms)
			ProcessInitializeOnLoadAttributes (254ms)
			ProcessInitializeOnLoadMethodAttributes (63ms)
			AfterProcessingInitializeOnLoad (1ms)
			EditorAssembliesLoaded (0ms)
		ExecutionOrderSort2 (0ms)
		AwakeInstancesAfterBackupRestoration (4ms)
Launched and connected shader compiler UnityShaderCompiler.exe after 0.03 seconds
Refreshing native plugins compatible for Editor in 2.08 ms, found 4 plugins.
Preloading 0 native plugins for Editor in 0.00 ms.
Unloading 5673 Unused Serialized files (Serialized files now loaded: 0)
Unloading 101 unused Assets / (0.9 MB). Loaded Objects now: 6119.
Memory consumption went from 224.4 MB to 223.5 MB.
Total: 3.860300 ms (FindLiveObjects: 0.414000 ms CreateObjectMapping: 0.221500 ms MarkObjects: 2.768600 ms  DeleteObjects: 0.454600 ms)

AssetImportParameters requested are different than current active one (requested -> active):
  custom:container-demuxer-ogg: 62fdf1f143b41e24485cea50d1cbac27 -> 
  custom:video-codec-MediaFoundation-h265: 746d11721c4dcdbdad8f713fa42b33f4 -> 
  custom:video-decoder-ogg-theora: a1e56fd34408186e4bbccfd4996cb3dc -> 
  custom:framework-win-MediaFoundation: 216162199b28c13a410421893ffa2e32 -> 
  custom:CustomObjectIndexerAttribute: 72b91833f83ae208fae7752999fa3104 -> 
  custom:container-demuxer-webm: 4f35f7cbe854078d1ac9338744f61a02 -> 
  custom:container-muxer-webm: aa71ff27fc2769a1b78a27578f13a17b -> 
  custom:video-decoder-webm-vp8: 9c59270c3fd7afecdb556c50c9e8de78 -> 
  custom:SearchIndexIgnoredProperties: e643bd26f0fe6173181afceb89e7c659 -> 
  custom:AudioImporter_EditorPlatform: d09bf68614088b80899f8185d706f6e7 -> 
  custom:video-encoder-webm-vp8: eb34c28f22e8b96e1ab97ce403110664 -> 
  custom:audio-decoder-ogg-vorbis: bf7c407c2cedff20999df2af8eb42d56 -> 
  custom:audio-encoder-webm-vorbis: bf7c407c2cedff20999df2af8eb42d56 -> 
========================================================================
Received Import Request.
  Time since last request: 1709.564343 seconds.
  path: Assets/G_Assets/Local/MiniWorld/MiniWorldSprites/Characters/Monsters/Demons/PurpleDemon.png
  artifactKey: Guid(92298c08dee10e845ae9d1043385dbf8) Importer(815301076,1909f56bfc062723c751e8b465ee728b)
Start importing Assets/G_Assets/Local/MiniWorld/MiniWorldSprites/Characters/Monsters/Demons/PurpleDemon.png using Guid(92298c08dee10e845ae9d1043385dbf8) Importer(815301076,1909f56bfc062723c751e8b465ee728b)  -> (artifact id: '06a8414fe4598e278b818fe159e99b8e') in 0.078765 seconds
Number of updated asset objects reloaded before import = 0
Number of asset objects unloaded after import = 3
========================================================================
Received Import Request.
  Time since last request: 9.004971 seconds.
  path: Assets/G_Assets/Local/MiniWorld/MiniWorldSprites/Characters/Monsters/Dragons/BlueDragon.png
  artifactKey: Guid(ab9f070caa1cc00419c35be60fb11f9f) Importer(815301076,1909f56bfc062723c751e8b465ee728b)
Start importing Assets/G_Assets/Local/MiniWorld/MiniWorldSprites/Characters/Monsters/Dragons/BlueDragon.png using Guid(ab9f070caa1cc00419c35be60fb11f9f) Importer(815301076,1909f56bfc062723c751e8b465ee728b)  -> (artifact id: 'fdeccf50c1a46b926cc06b24bf4d8ce3') in 0.030074 seconds
Number of updated asset objects reloaded before import = 0
Number of asset objects unloaded after import = 3
========================================================================
Received Import Request.
  Time since last request: 0.000030 seconds.
  path: Assets/G_Assets/Local/MiniWorld/MiniWorldSprites/Characters/Monsters/Dragons/RedDragon.png
  artifactKey: Guid(447e35dc1ae3cef4e923e58f16b378f1) Importer(815301076,1909f56bfc062723c751e8b465ee728b)
Start importing Assets/G_Assets/Local/MiniWorld/MiniWorldSprites/Characters/Monsters/Dragons/RedDragon.png using Guid(447e35dc1ae3cef4e923e58f16b378f1) Importer(815301076,1909f56bfc062723c751e8b465ee728b)  -> (artifact id: '6724bd7fe4ae3cf4e2205934663a65de') in 0.018550 seconds
Number of updated asset objects reloaded before import = 0
Number of asset objects unloaded after import = 3
========================================================================
Received Import Request.
  Time since last request: 0.406446 seconds.
  path: Assets/G_Assets/Local/MiniWorld/MiniWorldSprites/Characters/Monsters/Frostborn/Wendigo.png
  artifactKey: Guid(71380bed9e1c0634dbf15cd18a3f700d) Importer(815301076,1909f56bfc062723c751e8b465ee728b)
Start importing Assets/G_Assets/Local/MiniWorld/MiniWorldSprites/Characters/Monsters/Frostborn/Wendigo.png using Guid(71380bed9e1c0634dbf15cd18a3f700d) Importer(815301076,1909f56bfc062723c751e8b465ee728b)  -> (artifact id: '9afc59a7dc7027a1c1f6d537ee495604') in 0.019625 seconds
Number of updated asset objects reloaded before import = 0
Number of asset objects unloaded after import = 3
========================================================================
Received Import Request.
  Time since last request: 3.160876 seconds.
  path: Assets/G_Assets/Local/MiniWorld/MiniWorldSprites/Miscellaneous/Chests.png
  artifactKey: Guid(a79620af218cf684f94c6bd520b1923a) Importer(815301076,1909f56bfc062723c751e8b465ee728b)
Start importing Assets/G_Assets/Local/MiniWorld/MiniWorldSprites/Miscellaneous/Chests.png using Guid(a79620af218cf684f94c6bd520b1923a) Importer(815301076,1909f56bfc062723c751e8b465ee728b)  -> (artifact id: '83c5b836a5b947170c4bef91bf9e1312') in 0.020610 seconds
Number of updated asset objects reloaded before import = 0
Number of asset objects unloaded after import = 3
========================================================================
Received Import Request.
  Time since last request: 0.000017 seconds.
  path: Assets/G_Assets/Local/MiniWorld/MiniWorldSprites/Miscellaneous/TransportShip.png
  artifactKey: Guid(6cab053e42e77584dafbba670f13b3ca) Importer(815301076,1909f56bfc062723c751e8b465ee728b)
Start importing Assets/G_Assets/Local/MiniWorld/MiniWorldSprites/Miscellaneous/TransportShip.png using Guid(6cab053e42e77584dafbba670f13b3ca) Importer(815301076,1909f56bfc062723c751e8b465ee728b)  -> (artifact id: 'c5a6208ef5e7d334d039b644cd1c6ffa') in 0.017089 seconds
Number of updated asset objects reloaded before import = 0
Number of asset objects unloaded after import = 3
========================================================================
Received Import Request.
  Time since last request: 0.000034 seconds.
  path: Assets/G_Assets/Local/MiniWorld/MiniWorldSprites/Miscellaneous/QuestBoard.png
  artifactKey: Guid(68bd43d8af15dc648af94604ce418763) Importer(815301076,1909f56bfc062723c751e8b465ee728b)
Start importing Assets/G_Assets/Local/MiniWorld/MiniWorldSprites/Miscellaneous/QuestBoard.png using Guid(68bd43d8af15dc648af94604ce418763) Importer(815301076,1909f56bfc062723c751e8b465ee728b)  -> (artifact id: '4ee67aafdeeb774f3a13db8e1e851fae') in 0.021259 seconds
Number of updated asset objects reloaded before import = 0
Number of asset objects unloaded after import = 3
========================================================================
Received Import Request.
  Time since last request: 0.000038 seconds.
  path: Assets/G_Assets/Local/MiniWorld/MiniWorldSprites/Miscellaneous/Signs.png
  artifactKey: Guid(af20d83178aec084882ca486f7205448) Importer(815301076,1909f56bfc062723c751e8b465ee728b)
Start importing Assets/G_Assets/Local/MiniWorld/MiniWorldSprites/Miscellaneous/Signs.png using Guid(af20d83178aec084882ca486f7205448) Importer(815301076,1909f56bfc062723c751e8b465ee728b)  -> (artifact id: 'b8c5ec7eebafab22f2b951be67b50d00') in 0.016412 seconds
Number of updated asset objects reloaded before import = 0
Number of asset objects unloaded after import = 3
========================================================================
Received Import Request.
  Time since last request: 0.000031 seconds.
  path: Assets/G_Assets/Local/MiniWorld/MiniWorldSprites/Miscellaneous/Portal.png
  artifactKey: Guid(9c7aef48a79ee1c40ad83e5385008355) Importer(815301076,1909f56bfc062723c751e8b465ee728b)
Start importing Assets/G_Assets/Local/MiniWorld/MiniWorldSprites/Miscellaneous/Portal.png using Guid(9c7aef48a79ee1c40ad83e5385008355) Importer(815301076,1909f56bfc062723c751e8b465ee728b)  -> (artifact id: 'e951f2af9cc2ba965185e1feac1c0822') in 0.014954 seconds
Number of updated asset objects reloaded before import = 0
Number of asset objects unloaded after import = 3
========================================================================
Received Import Request.
  Time since last request: 5.707709 seconds.
  path: Assets/G_Assets/Local/MiniWorld/MiniWorldSprites/Nature/DeadTrees.png
  artifactKey: Guid(cf1b494f445b41b47b3bcf85af1399dd) Importer(815301076,1909f56bfc062723c751e8b465ee728b)
Start importing Assets/G_Assets/Local/MiniWorld/MiniWorldSprites/Nature/DeadTrees.png using Guid(cf1b494f445b41b47b3bcf85af1399dd) Importer(815301076,1909f56bfc062723c751e8b465ee728b)  -> (artifact id: '38b7a31875d74ece9dfe789340890af2') in 0.028634 seconds
Number of updated asset objects reloaded before import = 0
Number of asset objects unloaded after import = 3
========================================================================
Received Import Request.
  Time since last request: 0.000029 seconds.
  path: Assets/G_Assets/Local/MiniWorld/MiniWorldSprites/Nature/WinterTrees.png
  artifactKey: Guid(d5bcafa047c9ada448ca934dba209f24) Importer(815301076,1909f56bfc062723c751e8b465ee728b)
Start importing Assets/G_Assets/Local/MiniWorld/MiniWorldSprites/Nature/WinterTrees.png using Guid(d5bcafa047c9ada448ca934dba209f24) Importer(815301076,1909f56bfc062723c751e8b465ee728b)  -> (artifact id: 'c804c75d17cd4388ad6115be4157fe40') in 0.014879 seconds
Number of updated asset objects reloaded before import = 0
Number of asset objects unloaded after import = 3
========================================================================
Received Import Request.
  Time since last request: 0.000042 seconds.
  path: Assets/G_Assets/Local/MiniWorld/MiniWorldSprites/Nature/WinterDeadTrees.png
  artifactKey: Guid(7c75a7ac7f0a19349a8ce8df15e1f953) Importer(815301076,1909f56bfc062723c751e8b465ee728b)
Start importing Assets/G_Assets/Local/MiniWorld/MiniWorldSprites/Nature/WinterDeadTrees.png using Guid(7c75a7ac7f0a19349a8ce8df15e1f953) Importer(815301076,1909f56bfc062723c751e8b465ee728b)  -> (artifact id: '79e1e824a7729b3432550871ca589f5f') in 0.014623 seconds
Number of updated asset objects reloaded before import = 0
Number of asset objects unloaded after import = 3
========================================================================
Received Import Request.
  Time since last request: 0.000021 seconds.
  path: Assets/G_Assets/Local/MiniWorld/MiniWorldSprites/Nature/Wheatfield.png
  artifactKey: Guid(6d7a00652e2657b43aad4c7603ec201a) Importer(815301076,1909f56bfc062723c751e8b465ee728b)
Start importing Assets/G_Assets/Local/MiniWorld/MiniWorldSprites/Nature/Wheatfield.png using Guid(6d7a00652e2657b43aad4c7603ec201a) Importer(815301076,1909f56bfc062723c751e8b465ee728b)  -> (artifact id: '54b653c2f55efd0a02d2f128d008aee5') in 0.013417 seconds
Number of updated asset objects reloaded before import = 0
Number of asset objects unloaded after import = 3
========================================================================
Received Import Request.
  Time since last request: 74.554257 seconds.
  path: Assets/G_Assets/Local/MiniWorld/MiniWorldSprites/Objects/ArrowShort.png
  artifactKey: Guid(d0b8f0961172b9846966d8a1ab3042af) Importer(815301076,1909f56bfc062723c751e8b465ee728b)
Start importing Assets/G_Assets/Local/MiniWorld/MiniWorldSprites/Objects/ArrowShort.png using Guid(d0b8f0961172b9846966d8a1ab3042af) Importer(815301076,1909f56bfc062723c751e8b465ee728b)  -> (artifact id: '4907f8245f7be3a4a920ff7cd62ea31b') in 0.020332 seconds
Number of updated asset objects reloaded before import = 0
Number of asset objects unloaded after import = 3
========================================================================
Received Import Request.
  Time since last request: 0.000039 seconds.
  path: Assets/G_Assets/Local/MiniWorld/MiniWorldSprites/Objects/Axe.png
  artifactKey: Guid(e0961bfe3f02235489843289cd9b4766) Importer(815301076,1909f56bfc062723c751e8b465ee728b)
Start importing Assets/G_Assets/Local/MiniWorld/MiniWorldSprites/Objects/Axe.png using Guid(e0961bfe3f02235489843289cd9b4766) Importer(815301076,1909f56bfc062723c751e8b465ee728b)  -> (artifact id: 'fb81179bce1067d6c6b2b2eeb9df6f46') in 0.021885 seconds
Number of updated asset objects reloaded before import = 0
Number of asset objects unloaded after import = 3
========================================================================
Received Import Request.
  Time since last request: 0.000029 seconds.
  path: Assets/G_Assets/Local/MiniWorld/MiniWorldSprites/Objects/BallistaBolt.png
  artifactKey: Guid(4760fde479173b0409052ec313422e69) Importer(815301076,1909f56bfc062723c751e8b465ee728b)
Start importing Assets/G_Assets/Local/MiniWorld/MiniWorldSprites/Objects/BallistaBolt.png using Guid(4760fde479173b0409052ec313422e69) Importer(815301076,1909f56bfc062723c751e8b465ee728b)  -> (artifact id: 'cc3c306aaec72cff41a967926abed40b') in 0.019757 seconds
Number of updated asset objects reloaded before import = 0
Number of asset objects unloaded after import = 3
========================================================================
Received Import Request.
  Time since last request: 0.000048 seconds.
  path: Assets/G_Assets/Local/MiniWorld/MiniWorldSprites/Objects/FireballProjectile.png
  artifactKey: Guid(7e020c340707bc3499572fd33d8be38d) Importer(815301076,1909f56bfc062723c751e8b465ee728b)
Start importing Assets/G_Assets/Local/MiniWorld/MiniWorldSprites/Objects/FireballProjectile.png using Guid(7e020c340707bc3499572fd33d8be38d) Importer(815301076,1909f56bfc062723c751e8b465ee728b)  -> (artifact id: 'e68cc044df174e0566550d34e6521627') in 0.017015 seconds
Number of updated asset objects reloaded before import = 0
Number of asset objects unloaded after import = 3
========================================================================
Received Import Request.
  Time since last request: 0.000033 seconds.
  path: Assets/G_Assets/Local/MiniWorld/MiniWorldSprites/Objects/Spear.png
  artifactKey: Guid(8f4bcb4f9b9100c44ac78c8f52c2332f) Importer(815301076,1909f56bfc062723c751e8b465ee728b)
Start importing Assets/G_Assets/Local/MiniWorld/MiniWorldSprites/Objects/Spear.png using Guid(8f4bcb4f9b9100c44ac78c8f52c2332f) Importer(815301076,1909f56bfc062723c751e8b465ee728b)  -> (artifact id: 'd132932172e3054839702783e4e15dca') in 0.015822 seconds
Number of updated asset objects reloaded before import = 0
Number of asset objects unloaded after import = 3
========================================================================
Received Import Request.
  Time since last request: 4.161191 seconds.
  path: Assets/G_Assets/Local/MiniWorld/MiniWorldSprites/Templates/16x16Small.png
  artifactKey: Guid(2cb8841da21b93a46a6e335f09ff30dc) Importer(815301076,1909f56bfc062723c751e8b465ee728b)
Start importing Assets/G_Assets/Local/MiniWorld/MiniWorldSprites/Templates/16x16Small.png using Guid(2cb8841da21b93a46a6e335f09ff30dc) Importer(815301076,1909f56bfc062723c751e8b465ee728b)  -> (artifact id: '516dfc6953f38a2bde6aedcbe64d26c5') in 0.022569 seconds
Number of updated asset objects reloaded before import = 0
Number of asset objects unloaded after import = 3
========================================================================
Received Import Request.
  Time since last request: 101.833525 seconds.
  path: Assets/G_Assets/Local/MiniWorld/MiniWorldSprites/User Interface/BoxSelector.png
  artifactKey: Guid(53aff7d67f98682419c6778048a85a8c) Importer(815301076,1909f56bfc062723c751e8b465ee728b)
Start importing Assets/G_Assets/Local/MiniWorld/MiniWorldSprites/User Interface/BoxSelector.png using Guid(53aff7d67f98682419c6778048a85a8c) Importer(815301076,1909f56bfc062723c751e8b465ee728b)  -> (artifact id: 'fe0a939867055b354cabed3c558c73da') in 0.016290 seconds
Number of updated asset objects reloaded before import = 0
Number of asset objects unloaded after import = 3
========================================================================
Received Import Request.
  Time since last request: 0.000021 seconds.
  path: Assets/G_Assets/Local/MiniWorld/MiniWorldSprites/User Interface/UiIcons.png
  artifactKey: Guid(a4ed4e34cb89f58488e3fadc962ee046) Importer(815301076,1909f56bfc062723c751e8b465ee728b)
Start importing Assets/G_Assets/Local/MiniWorld/MiniWorldSprites/User Interface/UiIcons.png using Guid(a4ed4e34cb89f58488e3fadc962ee046) Importer(815301076,1909f56bfc062723c751e8b465ee728b)  -> (artifact id: '97785113046895a6c1637e7ab9e5d498') in 0.015761 seconds
Number of updated asset objects reloaded before import = 0
Number of asset objects unloaded after import = 3
========================================================================
Received Import Request.
  Time since last request: 7.842430 seconds.
  path: Assets/G_Assets/Local/MiniWorld/MiniWorldSprites/User Interface/Icons-Essentials.png
  artifactKey: Guid(35fd7f04b5e556a4ab9521f77166bb5c) Importer(815301076,1909f56bfc062723c751e8b465ee728b)
Start importing Assets/G_Assets/Local/MiniWorld/MiniWorldSprites/User Interface/Icons-Essentials.png using Guid(35fd7f04b5e556a4ab9521f77166bb5c) Importer(815301076,1909f56bfc062723c751e8b465ee728b)  -> (artifact id: '2ccb3921dd85100ff248f36096f69d7b') in 0.012479 seconds
Number of updated asset objects reloaded before import = 0
Number of asset objects unloaded after import = 2
========================================================================
Received Import Request.
  Time since last request: 3.803135 seconds.
  path: Assets/G_Assets/Local/MiniWorld/MiniWorldSprites/User Interface/Icons-Essentials.png
  artifactKey: Guid(35fd7f04b5e556a4ab9521f77166bb5c) Importer(815301076,1909f56bfc062723c751e8b465ee728b)
Start importing Assets/G_Assets/Local/MiniWorld/MiniWorldSprites/User Interface/Icons-Essentials.png using Guid(35fd7f04b5e556a4ab9521f77166bb5c) Importer(815301076,1909f56bfc062723c751e8b465ee728b)  -> (artifact id: 'f929f31d98696e511e77bedc82c1ab64') in 0.072184 seconds
Number of updated asset objects reloaded before import = 0
Number of asset objects unloaded after import = 18
========================================================================
Received Import Request.
  Time since last request: 6.477399 seconds.
  path: Assets/G_Assets/Local/MiniWorld/MiniWorldSprites/User Interface/Highlighted-Boxes.png
  artifactKey: Guid(b541d0d09f890444782a41842db84802) Importer(815301076,1909f56bfc062723c751e8b465ee728b)
Start importing Assets/G_Assets/Local/MiniWorld/MiniWorldSprites/User Interface/Highlighted-Boxes.png using Guid(b541d0d09f890444782a41842db84802) Importer(815301076,1909f56bfc062723c751e8b465ee728b)  -> (artifact id: 'a85fd105e7a5603dcbea52fab2b676c1') in 0.011950 seconds
Number of updated asset objects reloaded before import = 0
Number of asset objects unloaded after import = 2
========================================================================
Received Import Request.
  Time since last request: 2.826220 seconds.
  path: Assets/G_Assets/Local/MiniWorld/MiniWorldSprites/User Interface/Highlighted-Boxes.png
  artifactKey: Guid(b541d0d09f890444782a41842db84802) Importer(815301076,1909f56bfc062723c751e8b465ee728b)
Start importing Assets/G_Assets/Local/MiniWorld/MiniWorldSprites/User Interface/Highlighted-Boxes.png using Guid(b541d0d09f890444782a41842db84802) Importer(815301076,1909f56bfc062723c751e8b465ee728b)  -> (artifact id: 'f4b79db5d33f4d5524e8c7a4272e5b21') in 0.029452 seconds
Number of updated asset objects reloaded before import = 0
Number of asset objects unloaded after import = 7
========================================================================
Received Import Request.
  Time since last request: 5.776463 seconds.
  path: Assets/G_Assets/Local/MiniWorld/MiniWorldSprites/User Interface/UiIcons.png
  artifactKey: Guid(a4ed4e34cb89f58488e3fadc962ee046) Importer(815301076,1909f56bfc062723c751e8b465ee728b)
Start importing Assets/G_Assets/Local/MiniWorld/MiniWorldSprites/User Interface/UiIcons.png using Guid(a4ed4e34cb89f58488e3fadc962ee046) Importer(815301076,1909f56bfc062723c751e8b465ee728b)  -> (artifact id: 'a905d43dc0e4c0b682d648534c1c3ddd') in 0.013917 seconds
Number of updated asset objects reloaded before import = 0
Number of asset objects unloaded after import = 2
========================================================================
Received Import Request.
  Time since last request: 3.208092 seconds.
  path: Assets/G_Assets/Local/MiniWorld/MiniWorldSprites/User Interface/UiIcons.png
  artifactKey: Guid(a4ed4e34cb89f58488e3fadc962ee046) Importer(815301076,1909f56bfc062723c751e8b465ee728b)
Start importing Assets/G_Assets/Local/MiniWorld/MiniWorldSprites/User Interface/UiIcons.png using Guid(a4ed4e34cb89f58488e3fadc962ee046) Importer(815301076,1909f56bfc062723c751e8b465ee728b)  -> (artifact id: '180c63a8598ac749aa1491bd80e5543b') in 0.155233 seconds
Number of updated asset objects reloaded before import = 0
Number of asset objects unloaded after import = 48
========================================================================
Received Import Request.
  Time since last request: 4.591062 seconds.
  path: Assets/G_Assets/Local/MiniWorld/MiniWorldSprites/User Interface/BoxSelector.png
  artifactKey: Guid(53aff7d67f98682419c6778048a85a8c) Importer(815301076,1909f56bfc062723c751e8b465ee728b)
Start importing Assets/G_Assets/Local/MiniWorld/MiniWorldSprites/User Interface/BoxSelector.png using Guid(53aff7d67f98682419c6778048a85a8c) Importer(815301076,1909f56bfc062723c751e8b465ee728b)  -> (artifact id: '160c2061d5a3a68916d095f22b229851') in 0.011270 seconds
Number of updated asset objects reloaded before import = 0
Number of asset objects unloaded after import = 2
========================================================================
Received Import Request.
  Time since last request: 3.054467 seconds.
  path: Assets/G_Assets/Local/MiniWorld/MiniWorldSprites/User Interface/BoxSelector.png
  artifactKey: Guid(53aff7d67f98682419c6778048a85a8c) Importer(815301076,1909f56bfc062723c751e8b465ee728b)
Start importing Assets/G_Assets/Local/MiniWorld/MiniWorldSprites/User Interface/BoxSelector.png using Guid(53aff7d67f98682419c6778048a85a8c) Importer(815301076,1909f56bfc062723c751e8b465ee728b)  -> (artifact id: 'e552935adc93ad364b003e643032f042') in 0.024872 seconds
Number of updated asset objects reloaded before import = 0
Number of asset objects unloaded after import = 4
========================================================================
Received Import Request.
  Time since last request: 6.146715 seconds.
  path: Assets/G_Assets/Local/MiniWorld/MiniWorldSprites/Buildings/Cyan
  artifactKey: Guid(76a5716973633834b8b6c58f0f5e8d67) Importer(815301076,1909f56bfc062723c751e8b465ee728b)
Start importing Assets/G_Assets/Local/MiniWorld/MiniWorldSprites/Buildings/Cyan using Guid(76a5716973633834b8b6c58f0f5e8d67) Importer(815301076,1909f56bfc062723c751e8b465ee728b)  -> (artifact id: '321d7b54ed85cb648a345c083a435aef') in 0.000592 seconds
Number of updated asset objects reloaded before import = 0
Number of asset objects unloaded after import = 0
========================================================================
Received Import Request.
  Time since last request: 0.080302 seconds.
  path: Assets/G_Assets/Local/MiniWorld/MiniWorldSprites/Buildings/Cyan/CyanBarracks.png
  artifactKey: Guid(ec95614d32ebac249981589f9724da4e) Importer(815301076,1909f56bfc062723c751e8b465ee728b)
Start importing Assets/G_Assets/Local/MiniWorld/MiniWorldSprites/Buildings/Cyan/CyanBarracks.png using Guid(ec95614d32ebac249981589f9724da4e) Importer(815301076,1909f56bfc062723c751e8b465ee728b)  -> (artifact id: '02a956440b83f1ef5cf7073c20c6b80c') in 0.020327 seconds
Number of updated asset objects reloaded before import = 0
Number of asset objects unloaded after import = 3
========================================================================
Received Import Request.
  Time since last request: 0.000021 seconds.
  path: Assets/G_Assets/Local/MiniWorld/MiniWorldSprites/Buildings/Cyan/CyanKeep.png
  artifactKey: Guid(c6e434daed5b66c4a9075fd2bada8132) Importer(815301076,1909f56bfc062723c751e8b465ee728b)
Start importing Assets/G_Assets/Local/MiniWorld/MiniWorldSprites/Buildings/Cyan/CyanKeep.png using Guid(c6e434daed5b66c4a9075fd2bada8132) Importer(815301076,1909f56bfc062723c751e8b465ee728b)  -> (artifact id: '4e752cbd906f25c0f39ddb8f0a73309d') in 0.021202 seconds
Number of updated asset objects reloaded before import = 0
Number of asset objects unloaded after import = 3
========================================================================
Received Import Request.
  Time since last request: 0.000079 seconds.
  path: Assets/G_Assets/Local/MiniWorld/MiniWorldSprites/Buildings/Cyan/CyanHuts.png
  artifactKey: Guid(1f52cef29ddfa1341811d4ac8b5b508b) Importer(815301076,1909f56bfc062723c751e8b465ee728b)
Start importing Assets/G_Assets/Local/MiniWorld/MiniWorldSprites/Buildings/Cyan/CyanHuts.png using Guid(1f52cef29ddfa1341811d4ac8b5b508b) Importer(815301076,1909f56bfc062723c751e8b465ee728b)  -> (artifact id: '0b378db3dce259dacaa33f94490580f4') in 0.017274 seconds
Number of updated asset objects reloaded before import = 0
Number of asset objects unloaded after import = 3
========================================================================
Received Import Request.
  Time since last request: 0.000040 seconds.
  path: Assets/G_Assets/Local/MiniWorld/MiniWorldSprites/Buildings/Cyan/CyanShip.png
  artifactKey: Guid(f08c7edd0d78eb84b895d2dea51a5321) Importer(815301076,1909f56bfc062723c751e8b465ee728b)
Start importing Assets/G_Assets/Local/MiniWorld/MiniWorldSprites/Buildings/Cyan/CyanShip.png using Guid(f08c7edd0d78eb84b895d2dea51a5321) Importer(815301076,1909f56bfc062723c751e8b465ee728b)  -> (artifact id: '60f067c1a6305b5c84e00f51770935ab') in 0.019246 seconds
Number of updated asset objects reloaded before import = 0
Number of asset objects unloaded after import = 3
========================================================================
Received Import Request.
  Time since last request: 0.000020 seconds.
  path: Assets/G_Assets/Local/MiniWorld/MiniWorldSprites/Buildings/Cyan/CyanTower.png
  artifactKey: Guid(81bff8a4856f0494cb204915b571042d) Importer(815301076,1909f56bfc062723c751e8b465ee728b)
Start importing Assets/G_Assets/Local/MiniWorld/MiniWorldSprites/Buildings/Cyan/CyanTower.png using Guid(81bff8a4856f0494cb204915b571042d) Importer(815301076,1909f56bfc062723c751e8b465ee728b)  -> (artifact id: 'ae1c513906f3d681639d83d650e37dd8') in 0.021266 seconds
Number of updated asset objects reloaded before import = 0
Number of asset objects unloaded after import = 3
========================================================================
Received Import Request.
  Time since last request: 0.000021 seconds.
  path: Assets/G_Assets/Local/MiniWorld/MiniWorldSprites/Buildings/Cyan/CyanDocks.png
  artifactKey: Guid(4514dca745775ab44b37e3c33b49d7bd) Importer(815301076,1909f56bfc062723c751e8b465ee728b)
Start importing Assets/G_Assets/Local/MiniWorld/MiniWorldSprites/Buildings/Cyan/CyanDocks.png using Guid(4514dca745775ab44b37e3c33b49d7bd) Importer(815301076,1909f56bfc062723c751e8b465ee728b)  -> (artifact id: '54cdf54e30bebe7624177aac5eb3b028') in 0.016667 seconds
Number of updated asset objects reloaded before import = 0
Number of asset objects unloaded after import = 3
========================================================================
Received Import Request.
  Time since last request: 0.000087 seconds.
  path: Assets/G_Assets/Local/MiniWorld/MiniWorldSprites/Buildings/Cyan/CyanWell.png
  artifactKey: Guid(cf822819be11d954faee795863f432b8) Importer(815301076,1909f56bfc062723c751e8b465ee728b)
Start importing Assets/G_Assets/Local/MiniWorld/MiniWorldSprites/Buildings/Cyan/CyanWell.png using Guid(cf822819be11d954faee795863f432b8) Importer(815301076,1909f56bfc062723c751e8b465ee728b)  -> (artifact id: '0dbe5058dcf89f779a831c800faae01f') in 0.016576 seconds
Number of updated asset objects reloaded before import = 0
Number of asset objects unloaded after import = 3
========================================================================
Received Import Request.
  Time since last request: 144.989376 seconds.
  path: Assets/G_Assets/Local/MiniWorld/MiniWorldSprites/Buildings/Enemy/SpearWall.png
  artifactKey: Guid(c226bdcf7fc0ffe43816427c5072664e) Importer(815301076,1909f56bfc062723c751e8b465ee728b)
Start importing Assets/G_Assets/Local/MiniWorld/MiniWorldSprites/Buildings/Enemy/SpearWall.png using Guid(c226bdcf7fc0ffe43816427c5072664e) Importer(815301076,1909f56bfc062723c751e8b465ee728b)  -> (artifact id: '6158d926c2dc7aa238c64a1dc44fb519') in 0.020137 seconds
Number of updated asset objects reloaded before import = 0
Number of asset objects unloaded after import = 3
========================================================================
Received Import Request.
  Time since last request: 21.137613 seconds.
  path: Assets/G_Assets/Local/MiniWorld/MiniWorldSprites/Buildings/Lime/LimeChapels.png
  artifactKey: Guid(4eb1bf57c91758e4b8f298e1ce4b6f2f) Importer(815301076,1909f56bfc062723c751e8b465ee728b)
Start importing Assets/G_Assets/Local/MiniWorld/MiniWorldSprites/Buildings/Lime/LimeChapels.png using Guid(4eb1bf57c91758e4b8f298e1ce4b6f2f) Importer(815301076,1909f56bfc062723c751e8b465ee728b)  -> (artifact id: 'ab4d768a01e546e000ef1842d08fe47f') in 0.018882 seconds
Number of updated asset objects reloaded before import = 0
Number of asset objects unloaded after import = 3
========================================================================
Received Import Request.
  Time since last request: 0.000022 seconds.
  path: Assets/G_Assets/Local/MiniWorld/MiniWorldSprites/Buildings/Lime/LimeShip.png
  artifactKey: Guid(facc3b6d81f19b940b2d0e2a897ee56d) Importer(815301076,1909f56bfc062723c751e8b465ee728b)
Start importing Assets/G_Assets/Local/MiniWorld/MiniWorldSprites/Buildings/Lime/LimeShip.png using Guid(facc3b6d81f19b940b2d0e2a897ee56d) Importer(815301076,1909f56bfc062723c751e8b465ee728b)  -> (artifact id: 'd3eaa394f82337ecfa114e97b9e858a4') in 0.022162 seconds
Number of updated asset objects reloaded before import = 0
Number of asset objects unloaded after import = 3
========================================================================
Received Import Request.
  Time since last request: 0.000031 seconds.
  path: Assets/G_Assets/Local/MiniWorld/MiniWorldSprites/Buildings/Lime/LimeMarket.png
  artifactKey: Guid(a0d8bb753255315459efdce6f5d0f96f) Importer(815301076,1909f56bfc062723c751e8b465ee728b)
Start importing Assets/G_Assets/Local/MiniWorld/MiniWorldSprites/Buildings/Lime/LimeMarket.png using Guid(a0d8bb753255315459efdce6f5d0f96f) Importer(815301076,1909f56bfc062723c751e8b465ee728b)  -> (artifact id: '7b089d1eadb630031fc2e3730c49432a') in 0.018884 seconds
Number of updated asset objects reloaded before import = 0
Number of asset objects unloaded after import = 3
========================================================================
Received Import Request.
  Time since last request: 0.000019 seconds.
  path: Assets/G_Assets/Local/MiniWorld/MiniWorldSprites/Buildings/Lime/LimeResources.png
  artifactKey: Guid(704305d67c5356949a929c7ab17284d0) Importer(815301076,1909f56bfc062723c751e8b465ee728b)
Start importing Assets/G_Assets/Local/MiniWorld/MiniWorldSprites/Buildings/Lime/LimeResources.png using Guid(704305d67c5356949a929c7ab17284d0) Importer(815301076,1909f56bfc062723c751e8b465ee728b)  -> (artifact id: 'bdfd145fe00a67f52253d0085f4ea450') in 0.020183 seconds
Number of updated asset objects reloaded before import = 0
Number of asset objects unloaded after import = 3
========================================================================
Received Import Request.
  Time since last request: 0.000021 seconds.
  path: Assets/G_Assets/Local/MiniWorld/MiniWorldSprites/Buildings/Lime/LimeTaverns.png
  artifactKey: Guid(cd3bdf0f0c8d5d041bd2471676a95c77) Importer(815301076,1909f56bfc062723c751e8b465ee728b)
Start importing Assets/G_Assets/Local/MiniWorld/MiniWorldSprites/Buildings/Lime/LimeTaverns.png using Guid(cd3bdf0f0c8d5d041bd2471676a95c77) Importer(815301076,1909f56bfc062723c751e8b465ee728b)  -> (artifact id: 'c44fde809ea48c17a6488207510454c3') in 0.018362 seconds
Number of updated asset objects reloaded before import = 0
Number of asset objects unloaded after import = 3
========================================================================
Received Import Request.
  Time since last request: 0.000197 seconds.
  path: Assets/G_Assets/Local/MiniWorld/MiniWorldSprites/Buildings/Lime/LimeWorkshops.png
  artifactKey: Guid(cc648c3903b52174681569634c0e5d9c) Importer(815301076,1909f56bfc062723c751e8b465ee728b)
Start importing Assets/G_Assets/Local/MiniWorld/MiniWorldSprites/Buildings/Lime/LimeWorkshops.png using Guid(cc648c3903b52174681569634c0e5d9c) Importer(815301076,1909f56bfc062723c751e8b465ee728b)  -> (artifact id: '6d739d47588ee94ee51acf68d329abe1') in 0.020588 seconds
Number of updated asset objects reloaded before import = 0
Number of asset objects unloaded after import = 3
========================================================================
Received Import Request.
  Time since last request: 0.000021 seconds.
  path: Assets/G_Assets/Local/MiniWorld/MiniWorldSprites/Buildings/Lime/LimeWell.png
  artifactKey: Guid(5f5ab0faece3be645a8fe27bccd5f4f5) Importer(815301076,1909f56bfc062723c751e8b465ee728b)
Start importing Assets/G_Assets/Local/MiniWorld/MiniWorldSprites/Buildings/Lime/LimeWell.png using Guid(5f5ab0faece3be645a8fe27bccd5f4f5) Importer(815301076,1909f56bfc062723c751e8b465ee728b)  -> (artifact id: '08d69801cedd005e82bb7be90677fd40') in 0.016593 seconds
Number of updated asset objects reloaded before import = 0
Number of asset objects unloaded after import = 3
========================================================================
Received Import Request.
  Time since last request: 0.970027 seconds.
  path: Assets/G_Assets/Local/MiniWorld/MiniWorldSprites/Buildings/Purple/PurpleChapels.png
  artifactKey: Guid(e0c3453c5950c4549b9b1fc7351cf0b4) Importer(815301076,1909f56bfc062723c751e8b465ee728b)
Start importing Assets/G_Assets/Local/MiniWorld/MiniWorldSprites/Buildings/Purple/PurpleChapels.png using Guid(e0c3453c5950c4549b9b1fc7351cf0b4) Importer(815301076,1909f56bfc062723c751e8b465ee728b)  -> (artifact id: '38cfb4514306cd36cb1de9fc1672d3e6') in 0.014731 seconds
Number of updated asset objects reloaded before import = 0
Number of asset objects unloaded after import = 3
========================================================================
Received Import Request.
  Time since last request: 0.000026 seconds.
  path: Assets/G_Assets/Local/MiniWorld/MiniWorldSprites/Buildings/Purple/PurpleShip.png
  artifactKey: Guid(8db2570b3fbb1214ea2f61a6ae25ea50) Importer(815301076,1909f56bfc062723c751e8b465ee728b)
Start importing Assets/G_Assets/Local/MiniWorld/MiniWorldSprites/Buildings/Purple/PurpleShip.png using Guid(8db2570b3fbb1214ea2f61a6ae25ea50) Importer(815301076,1909f56bfc062723c751e8b465ee728b)  -> (artifact id: '74e4a1be0cf4837df998bf49f414252f') in 0.026272 seconds
Number of updated asset objects reloaded before import = 0
Number of asset objects unloaded after import = 3
========================================================================
Received Import Request.
  Time since last request: 0.000021 seconds.
  path: Assets/G_Assets/Local/MiniWorld/MiniWorldSprites/Buildings/Purple/PurpleKeep.png
  artifactKey: Guid(4006dfad5656b9c479b0b1bf1c7767af) Importer(815301076,1909f56bfc062723c751e8b465ee728b)
Start importing Assets/G_Assets/Local/MiniWorld/MiniWorldSprites/Buildings/Purple/PurpleKeep.png using Guid(4006dfad5656b9c479b0b1bf1c7767af) Importer(815301076,1909f56bfc062723c751e8b465ee728b)  -> (artifact id: '532ff46f62623e5e4c03a05646698739') in 0.014658 seconds
Number of updated asset objects reloaded before import = 0
Number of asset objects unloaded after import = 3
========================================================================
Received Import Request.
  Time since last request: 0.000098 seconds.
  path: Assets/G_Assets/Local/MiniWorld/MiniWorldSprites/Buildings/Purple/PurpleWell.png
  artifactKey: Guid(e95855d6e507f814ab5102ae80f9dd0c) Importer(815301076,1909f56bfc062723c751e8b465ee728b)
Start importing Assets/G_Assets/Local/MiniWorld/MiniWorldSprites/Buildings/Purple/PurpleWell.png using Guid(e95855d6e507f814ab5102ae80f9dd0c) Importer(815301076,1909f56bfc062723c751e8b465ee728b)  -> (artifact id: '21b6a50731fe09119376746af965b197') in 0.014638 seconds
Number of updated asset objects reloaded before import = 0
Number of asset objects unloaded after import = 3
========================================================================
Received Import Request.
  Time since last request: 0.000019 seconds.
  path: Assets/G_Assets/Local/MiniWorld/MiniWorldSprites/Buildings/Purple/PurpleMarket.png
  artifactKey: Guid(6eb6540f88a0cde448063ed2c47ad50c) Importer(815301076,1909f56bfc062723c751e8b465ee728b)
Start importing Assets/G_Assets/Local/MiniWorld/MiniWorldSprites/Buildings/Purple/PurpleMarket.png using Guid(6eb6540f88a0cde448063ed2c47ad50c) Importer(815301076,1909f56bfc062723c751e8b465ee728b)  -> (artifact id: 'a3311c1abd802d4937c5c080b80d8203') in 0.014599 seconds
Number of updated asset objects reloaded before import = 0
Number of asset objects unloaded after import = 3
========================================================================
Received Import Request.
  Time since last request: 0.000026 seconds.
  path: Assets/G_Assets/Local/MiniWorld/MiniWorldSprites/Buildings/Purple/PurpleHuts.png
  artifactKey: Guid(5a8be69417302834ca4d9e3aa69e21b7) Importer(815301076,1909f56bfc062723c751e8b465ee728b)
Start importing Assets/G_Assets/Local/MiniWorld/MiniWorldSprites/Buildings/Purple/PurpleHuts.png using Guid(5a8be69417302834ca4d9e3aa69e21b7) Importer(815301076,1909f56bfc062723c751e8b465ee728b)  -> (artifact id: '0d4e04d83960daf38eeb014bb7572ea4') in 0.014631 seconds
Number of updated asset objects reloaded before import = 0
Number of asset objects unloaded after import = 3
========================================================================
Received Import Request.
  Time since last request: 1.052392 seconds.
  path: Assets/G_Assets/Local/MiniWorld/MiniWorldSprites/Buildings/Red/RedChapels.png
  artifactKey: Guid(b4ee4c5da3c8c7b499e4ffebb79b6912) Importer(815301076,1909f56bfc062723c751e8b465ee728b)
Start importing Assets/G_Assets/Local/MiniWorld/MiniWorldSprites/Buildings/Red/RedChapels.png using Guid(b4ee4c5da3c8c7b499e4ffebb79b6912) Importer(815301076,1909f56bfc062723c751e8b465ee728b)  -> (artifact id: '0be1f0d514ed6bcee44825d0d4ecf6e9') in 0.026642 seconds
Number of updated asset objects reloaded before import = 0
Number of asset objects unloaded after import = 3
========================================================================
Received Import Request.
  Time since last request: 0.000027 seconds.
  path: Assets/G_Assets/Local/MiniWorld/MiniWorldSprites/Buildings/Red/RedHuts.png
  artifactKey: Guid(a55face2c53d9624aa8d8890e32364f0) Importer(815301076,1909f56bfc062723c751e8b465ee728b)
Start importing Assets/G_Assets/Local/MiniWorld/MiniWorldSprites/Buildings/Red/RedHuts.png using Guid(a55face2c53d9624aa8d8890e32364f0) Importer(815301076,1909f56bfc062723c751e8b465ee728b)  -> (artifact id: '04df85c8374e5ba6bfe4c28977c3bc49') in 0.017022 seconds
Number of updated asset objects reloaded before import = 0
Number of asset objects unloaded after import = 3
========================================================================
Received Import Request.
  Time since last request: 0.000026 seconds.
  path: Assets/G_Assets/Local/MiniWorld/MiniWorldSprites/Buildings/Red/RedTower.png
  artifactKey: Guid(ea9c52c09fa6181479b9475917a8309b) Importer(815301076,1909f56bfc062723c751e8b465ee728b)
Start importing Assets/G_Assets/Local/MiniWorld/MiniWorldSprites/Buildings/Red/RedTower.png using Guid(ea9c52c09fa6181479b9475917a8309b) Importer(815301076,1909f56bfc062723c751e8b465ee728b)  -> (artifact id: 'fed48e2381fab7d39608f6fe0811cd92') in 0.018342 seconds
Number of updated asset objects reloaded before import = 0
Number of asset objects unloaded after import = 3
========================================================================
Received Import Request.
  Time since last request: 0.000019 seconds.
  path: Assets/G_Assets/Local/MiniWorld/MiniWorldSprites/Buildings/Red/RedDocks.png
  artifactKey: Guid(6b770850fdc8e0c4a95eef7dbe6ad910) Importer(815301076,1909f56bfc062723c751e8b465ee728b)
Start importing Assets/G_Assets/Local/MiniWorld/MiniWorldSprites/Buildings/Red/RedDocks.png using Guid(6b770850fdc8e0c4a95eef7dbe6ad910) Importer(815301076,1909f56bfc062723c751e8b465ee728b)  -> (artifact id: 'b6281d2accf626c1be0ee2a94be0b2b8') in 0.015307 seconds
Number of updated asset objects reloaded before import = 0
Number of asset objects unloaded after import = 3
========================================================================
Received Import Request.
  Time since last request: 0.000028 seconds.
  path: Assets/G_Assets/Local/MiniWorld/MiniWorldSprites/Buildings/Red/RedKeep.png
  artifactKey: Guid(613bddcf9b32c0946a142daef70a81f5) Importer(815301076,1909f56bfc062723c751e8b465ee728b)
Start importing Assets/G_Assets/Local/MiniWorld/MiniWorldSprites/Buildings/Red/RedKeep.png using Guid(613bddcf9b32c0946a142daef70a81f5) Importer(815301076,1909f56bfc062723c751e8b465ee728b)  -> (artifact id: '1372f0dbfe6d2f9792bc1d7a9ea1ad40') in 0.016667 seconds
Number of updated asset objects reloaded before import = 0
Number of asset objects unloaded after import = 3
========================================================================
Received Import Request.
  Time since last request: 0.000061 seconds.
  path: Assets/G_Assets/Local/MiniWorld/MiniWorldSprites/Buildings/Red/RedTaverns.png
  artifactKey: Guid(0930c595da072534895dea64e564e5ca) Importer(815301076,1909f56bfc062723c751e8b465ee728b)
Start importing Assets/G_Assets/Local/MiniWorld/MiniWorldSprites/Buildings/Red/RedTaverns.png using Guid(0930c595da072534895dea64e564e5ca) Importer(815301076,1909f56bfc062723c751e8b465ee728b)  -> (artifact id: 'dfb9671261875b9cd85de32238b34e2e') in 0.017449 seconds
Number of updated asset objects reloaded before import = 0
Number of asset objects unloaded after import = 3
========================================================================
Received Import Request.
  Time since last request: 0.227101 seconds.
  path: Assets/G_Assets/Local/MiniWorld/MiniWorldSprites/Buildings/Wood/CaveV2.png
  artifactKey: Guid(c2e06875ba26bee4a92a4a97c1ed6ca6) Importer(815301076,1909f56bfc062723c751e8b465ee728b)
Start importing Assets/G_Assets/Local/MiniWorld/MiniWorldSprites/Buildings/Wood/CaveV2.png using Guid(c2e06875ba26bee4a92a4a97c1ed6ca6) Importer(815301076,1909f56bfc062723c751e8b465ee728b)  -> (artifact id: '9d4c1af478e81875e9a94bb54ad3f686') in 0.016772 seconds
Number of updated asset objects reloaded before import = 0
Number of asset objects unloaded after import = 3
========================================================================
Received Import Request.
  Time since last request: 0.000067 seconds.
  path: Assets/G_Assets/Local/MiniWorld/MiniWorldSprites/Buildings/Wood/Market.png
  artifactKey: Guid(569c7b06193457a4385ba9c2149be97f) Importer(815301076,1909f56bfc062723c751e8b465ee728b)
Start importing Assets/G_Assets/Local/MiniWorld/MiniWorldSprites/Buildings/Wood/Market.png using Guid(569c7b06193457a4385ba9c2149be97f) Importer(815301076,1909f56bfc062723c751e8b465ee728b)  -> (artifact id: 'a30e40f5192625cc7088b43e962ef81c') in 0.015986 seconds
Number of updated asset objects reloaded before import = 0
Number of asset objects unloaded after import = 3
========================================================================
Received Import Request.
  Time since last request: 0.000021 seconds.
  path: Assets/G_Assets/Local/MiniWorld/MiniWorldSprites/Buildings/Wood/Workshops.png
  artifactKey: Guid(c259789efc80b244b9b50e3d83c7d3e0) Importer(815301076,1909f56bfc062723c751e8b465ee728b)
Start importing Assets/G_Assets/Local/MiniWorld/MiniWorldSprites/Buildings/Wood/Workshops.png using Guid(c259789efc80b244b9b50e3d83c7d3e0) Importer(815301076,1909f56bfc062723c751e8b465ee728b)  -> (artifact id: 'ee474c60e5dd0320ee6e921119306f3d') in 0.018448 seconds
Number of updated asset objects reloaded before import = 0
Number of asset objects unloaded after import = 3
========================================================================
Received Import Request.
  Time since last request: 0.000019 seconds.
  path: Assets/G_Assets/Local/MiniWorld/MiniWorldSprites/Buildings/Wood/Docks.png
  artifactKey: Guid(430ff5f79745f15438c82d399c5eb79c) Importer(815301076,1909f56bfc062723c751e8b465ee728b)
Start importing Assets/G_Assets/Local/MiniWorld/MiniWorldSprites/Buildings/Wood/Docks.png using Guid(430ff5f79745f15438c82d399c5eb79c) Importer(815301076,1909f56bfc062723c751e8b465ee728b)  -> (artifact id: '5db26e10f58b3f1a3e25f997f307935f') in 0.019592 seconds
Number of updated asset objects reloaded before import = 0
Number of asset objects unloaded after import = 3
========================================================================
Received Import Request.
  Time since last request: 0.000017 seconds.
  path: Assets/G_Assets/Local/MiniWorld/MiniWorldSprites/Buildings/Wood/Tower.png
  artifactKey: Guid(3bd67a81067f0f0458efd48f8f1c0631) Importer(815301076,1909f56bfc062723c751e8b465ee728b)
Start importing Assets/G_Assets/Local/MiniWorld/MiniWorldSprites/Buildings/Wood/Tower.png using Guid(3bd67a81067f0f0458efd48f8f1c0631) Importer(815301076,1909f56bfc062723c751e8b465ee728b)  -> (artifact id: '1818becefd5bf99ea0dbcac68a61b8d4') in 0.019939 seconds
Number of updated asset objects reloaded before import = 0
Number of asset objects unloaded after import = 3
========================================================================
Received Import Request.
  Time since last request: 0.000018 seconds.
  path: Assets/G_Assets/Local/MiniWorld/MiniWorldSprites/Buildings/Wood/Houses.png
  artifactKey: Guid(473763df6647ad542819a07ca54e0c80) Importer(815301076,1909f56bfc062723c751e8b465ee728b)
Start importing Assets/G_Assets/Local/MiniWorld/MiniWorldSprites/Buildings/Wood/Houses.png using Guid(473763df6647ad542819a07ca54e0c80) Importer(815301076,1909f56bfc062723c751e8b465ee728b)  -> (artifact id: '1d56926dd5d195fc7090eaebfd9cbca8') in 0.022531 seconds
Number of updated asset objects reloaded before import = 0
Number of asset objects unloaded after import = 3
