Using pre-set license
Built from '2022.3/staging' branch; Version is '2022.3.27f1 (73effa14754f) revision 7598074'; Using compiler version '192829333'; Build Type 'Release'
OS: 'Windows 11  (10.0.22631) 64bit CoreSingleLanguage' Language: 'en' Physical Memory: 16163 MB
BatchMode: 1, IsHumanControllingUs: 0, StartBugReporterOnCrash: 0, Is64bit: 1, IsPro: 1

COMMAND LINE ARGUMENTS:
E:\UnityEditor\2022.3.27f1\Editor\Unity.exe
-adb2
-batchMode
-noUpm
-name
AssetImportWorker5
-projectPath
F:/Unity_Project/Editor/PC/Offline/2D/Mini World
-logFile
Logs/AssetImportWorker5.log
-srvPort
50664
Successfully changed project path to: F:/Unity_Project/Editor/PC/Offline/2D/Mini World
F:/Unity_Project/Editor/PC/Offline/2D/Mini World
[UnityMemory] Configuration Parameters - Can be set up in boot.config
    "memorysetup-bucket-allocator-granularity=16"
    "memorysetup-bucket-allocator-bucket-count=8"
    "memorysetup-bucket-allocator-block-size=33554432"
    "memorysetup-bucket-allocator-block-count=8"
    "memorysetup-main-allocator-block-size=16777216"
    "memorysetup-thread-allocator-block-size=16777216"
    "memorysetup-gfx-main-allocator-block-size=16777216"
    "memorysetup-gfx-thread-allocator-block-size=16777216"
    "memorysetup-cache-allocator-block-size=4194304"
    "memorysetup-typetree-allocator-block-size=2097152"
    "memorysetup-profiler-bucket-allocator-granularity=16"
    "memorysetup-profiler-bucket-allocator-bucket-count=8"
    "memorysetup-profiler-bucket-allocator-block-size=33554432"
    "memorysetup-profiler-bucket-allocator-block-count=8"
    "memorysetup-profiler-allocator-block-size=16777216"
    "memorysetup-profiler-editor-allocator-block-size=1048576"
    "memorysetup-temp-allocator-size-main=16777216"
    "memorysetup-job-temp-allocator-block-size=2097152"
    "memorysetup-job-temp-allocator-block-size-background=1048576"
    "memorysetup-job-temp-allocator-reduction-small-platforms=262144"
    "memorysetup-allocator-temp-initial-block-size-main=262144"
    "memorysetup-allocator-temp-initial-block-size-worker=262144"
    "memorysetup-temp-allocator-size-background-worker=32768"
    "memorysetup-temp-allocator-size-job-worker=262144"
    "memorysetup-temp-allocator-size-preload-manager=33554432"
    "memorysetup-temp-allocator-size-nav-mesh-worker=65536"
    "memorysetup-temp-allocator-size-audio-worker=65536"
    "memorysetup-temp-allocator-size-cloud-worker=32768"
    "memorysetup-temp-allocator-size-gi-baking-worker=262144"
    "memorysetup-temp-allocator-size-gfx=262144"
Player connection [13572] Host "[IP] 192.168.0.104 [Port] 0 [Flags] 2 [Guid] 2245677650 [EditorId] 2245677650 [Version] 1048832 [Id] WindowsEditor(7,MQuang) [Debug] 1 [PackageName] WindowsEditor [ProjectName] Editor" joined multi-casting on [225.0.0.222:54997]...

Player connection [13572] Host "[IP] 192.168.0.104 [Port] 0 [Flags] 2 [Guid] 2245677650 [EditorId] 2245677650 [Version] 1048832 [Id] WindowsEditor(7,MQuang) [Debug] 1 [PackageName] WindowsEditor [ProjectName] Editor" joined alternative multi-casting on [225.0.0.222:34997]...

[Physics::Module] Initialized MultithreadedJobDispatcher with 11 workers.
Refreshing native plugins compatible for Editor in 5.23 ms, found 4 plugins.
Preloading 0 native plugins for Editor in 0.00 ms.
Initialize engine version: 2022.3.27f1 (73effa14754f)
[Subsystems] Discovering subsystems at path E:/UnityEditor/2022.3.27f1/Editor/Data/Resources/UnitySubsystems
[Subsystems] Discovering subsystems at path F:/Unity_Project/Editor/PC/Offline/2D/Mini World/Assets
GfxDevice: creating device client; threaded=0; jobified=0
Direct3D:
    Version:  Direct3D 11.0 [level 11.1]
    Renderer: NVIDIA GeForce GTX 1650 (ID=0x1f9d)
    Vendor:   NVIDIA
    VRAM:     3962 MB
    Driver:   31.0.15.1748
Initialize mono
Mono path[0] = 'E:/UnityEditor/2022.3.27f1/Editor/Data/Managed'
Mono path[1] = 'E:/UnityEditor/2022.3.27f1/Editor/Data/MonoBleedingEdge/lib/mono/unityjit-win32'
Mono config path = 'E:/UnityEditor/2022.3.27f1/Editor/Data/MonoBleedingEdge/etc'
Using monoOptions --debugger-agent=transport=dt_socket,embedding=1,server=y,suspend=n,address=127.0.0.1:56624
Begin MonoManager ReloadAssembly
Registering precompiled unity dll's ...
Register platform support module: E:/UnityEditor/2022.3.27f1/Editor/Data/PlaybackEngines/WebGLSupport/UnityEditor.WebGL.Extensions.dll
Register platform support module: E:/UnityEditor/2022.3.27f1/Editor/Data/PlaybackEngines/AndroidPlayer/UnityEditor.Android.Extensions.dll
Register platform support module: E:/UnityEditor/2022.3.27f1/Editor/Data/PlaybackEngines/WindowsStandaloneSupport/UnityEditor.WindowsStandalone.Extensions.dll
Registered in 0.002699 seconds.
- Loaded All Assemblies, in  0.271 seconds
Native extension for WindowsStandalone target not found
Native extension for Android target not found
Android Extension - Scanning For ADB Devices 173 ms
Native extension for WebGL target not found
Mono: successfully reloaded assembly
- Finished resetting the current domain, in  0.449 seconds
Domain Reload Profiling: 719ms
	BeginReloadAssembly (77ms)
		ExecutionOrderSort (0ms)
		DisableScriptedObjects (0ms)
		BackupInstance (0ms)
		ReleaseScriptingObjects (0ms)
		CreateAndSetChildDomain (1ms)
	RebuildCommonClasses (26ms)
	RebuildNativeTypeToScriptingClass (8ms)
	initialDomainReloadingComplete (38ms)
	LoadAllAssembliesAndSetupDomain (121ms)
		LoadAssemblies (77ms)
		RebuildTransferFunctionScriptingTraits (0ms)
		AnalyzeDomain (119ms)
			TypeCache.Refresh (118ms)
				TypeCache.ScanAssembly (107ms)
			ScanForSourceGeneratedMonoScriptInfo (0ms)
			ResolveRequiredComponents (0ms)
	FinalizeReload (449ms)
		ReleaseScriptCaches (0ms)
		RebuildScriptCaches (0ms)
		SetupLoadedEditorAssemblies (401ms)
			LogAssemblyErrors (0ms)
			InitializePlatformSupportModulesInManaged (261ms)
			SetLoadedEditorAssemblies (4ms)
			RefreshPlugins (0ms)
			BeforeProcessingInitializeOnLoad (2ms)
			ProcessInitializeOnLoadAttributes (98ms)
			ProcessInitializeOnLoadMethodAttributes (36ms)
			AfterProcessingInitializeOnLoad (0ms)
			EditorAssembliesLoaded (0ms)
		ExecutionOrderSort2 (0ms)
		AwakeInstancesAfterBackupRestoration (0ms)
========================================================================
Worker process is ready to serve import requests
Begin MonoManager ReloadAssembly
- Loaded All Assemblies, in  0.507 seconds
Refreshing native plugins compatible for Editor in 1.95 ms, found 4 plugins.
Native extension for WindowsStandalone target not found
Native extension for Android target not found
Native extension for WebGL target not found
Package Manager log level set to [2]
[Package Manager] Server::EnsureServerProcessIsRunning -- launch failed, reason: Unity was launched with the -noUpm command-line argument
[Package Manager] UpmClient::Send -- Unable to send message (not connected to UPM process).
[Package Manager] Cannot connect to Unity Package Manager local server
Mono: successfully reloaded assembly
- Finished resetting the current domain, in  0.562 seconds
Domain Reload Profiling: 1069ms
	BeginReloadAssembly (108ms)
		ExecutionOrderSort (0ms)
		DisableScriptedObjects (4ms)
		BackupInstance (0ms)
		ReleaseScriptingObjects (0ms)
		CreateAndSetChildDomain (20ms)
	RebuildCommonClasses (25ms)
	RebuildNativeTypeToScriptingClass (9ms)
	initialDomainReloadingComplete (31ms)
	LoadAllAssembliesAndSetupDomain (334ms)
		LoadAssemblies (219ms)
		RebuildTransferFunctionScriptingTraits (0ms)
		AnalyzeDomain (174ms)
			TypeCache.Refresh (144ms)
				TypeCache.ScanAssembly (128ms)
			ScanForSourceGeneratedMonoScriptInfo (21ms)
			ResolveRequiredComponents (8ms)
	FinalizeReload (562ms)
		ReleaseScriptCaches (0ms)
		RebuildScriptCaches (0ms)
		SetupLoadedEditorAssemblies (408ms)
			LogAssemblyErrors (0ms)
			InitializePlatformSupportModulesInManaged (18ms)
			SetLoadedEditorAssemblies (5ms)
			RefreshPlugins (0ms)
			BeforeProcessingInitializeOnLoad (63ms)
			ProcessInitializeOnLoadAttributes (255ms)
			ProcessInitializeOnLoadMethodAttributes (65ms)
			AfterProcessingInitializeOnLoad (2ms)
			EditorAssembliesLoaded (0ms)
		ExecutionOrderSort2 (0ms)
		AwakeInstancesAfterBackupRestoration (4ms)
Launched and connected shader compiler UnityShaderCompiler.exe after 0.03 seconds
Refreshing native plugins compatible for Editor in 2.05 ms, found 4 plugins.
Preloading 0 native plugins for Editor in 0.00 ms.
Unloading 5673 Unused Serialized files (Serialized files now loaded: 0)
Unloading 101 unused Assets / (0.9 MB). Loaded Objects now: 6119.
Memory consumption went from 224.5 MB to 223.6 MB.
Total: 4.217100 ms (FindLiveObjects: 0.498700 ms CreateObjectMapping: 0.279900 ms MarkObjects: 3.008200 ms  DeleteObjects: 0.429100 ms)

AssetImportParameters requested are different than current active one (requested -> active):
  custom:container-demuxer-ogg: 62fdf1f143b41e24485cea50d1cbac27 -> 
  custom:video-codec-MediaFoundation-h265: 746d11721c4dcdbdad8f713fa42b33f4 -> 
  custom:video-decoder-ogg-theora: a1e56fd34408186e4bbccfd4996cb3dc -> 
  custom:framework-win-MediaFoundation: 216162199b28c13a410421893ffa2e32 -> 
  custom:CustomObjectIndexerAttribute: 72b91833f83ae208fae7752999fa3104 -> 
  custom:container-demuxer-webm: 4f35f7cbe854078d1ac9338744f61a02 -> 
  custom:container-muxer-webm: aa71ff27fc2769a1b78a27578f13a17b -> 
  custom:video-decoder-webm-vp8: 9c59270c3fd7afecdb556c50c9e8de78 -> 
  custom:SearchIndexIgnoredProperties: e643bd26f0fe6173181afceb89e7c659 -> 
  custom:AudioImporter_EditorPlatform: d09bf68614088b80899f8185d706f6e7 -> 
  custom:video-encoder-webm-vp8: eb34c28f22e8b96e1ab97ce403110664 -> 
  custom:audio-decoder-ogg-vorbis: bf7c407c2cedff20999df2af8eb42d56 -> 
  custom:audio-encoder-webm-vorbis: bf7c407c2cedff20999df2af8eb42d56 -> 
========================================================================
Received Import Request.
  Time since last request: 1807.113880 seconds.
  path: Assets/G_Assets/Local/MiniWorld/MiniWorldSprites/Templates/32x32Small.png
  artifactKey: Guid(38bfc2aff839e5d49b53b23f87d92b59) Importer(815301076,1909f56bfc062723c751e8b465ee728b)
Start importing Assets/G_Assets/Local/MiniWorld/MiniWorldSprites/Templates/32x32Small.png using Guid(38bfc2aff839e5d49b53b23f87d92b59) Importer(815301076,1909f56bfc062723c751e8b465ee728b)  -> (artifact id: 'eb296abf6112d9abfdb00cb5d9b1e5c2') in 0.080313 seconds
Number of updated asset objects reloaded before import = 0
Number of asset objects unloaded after import = 3
========================================================================
Received Import Request.
  Time since last request: 101.774036 seconds.
  path: Assets/G_Assets/Local/MiniWorld/MiniWorldSprites/User Interface/Highlighted-Boxes.png
  artifactKey: Guid(b541d0d09f890444782a41842db84802) Importer(815301076,1909f56bfc062723c751e8b465ee728b)
Start importing Assets/G_Assets/Local/MiniWorld/MiniWorldSprites/User Interface/Highlighted-Boxes.png using Guid(b541d0d09f890444782a41842db84802) Importer(815301076,1909f56bfc062723c751e8b465ee728b)  -> (artifact id: '5c55737c87c703ba1b67ebadfa7ed1ef') in 0.016197 seconds
Number of updated asset objects reloaded before import = 0
Number of asset objects unloaded after import = 3
========================================================================
Received Import Request.
  Time since last request: 0.000019 seconds.
  path: Assets/G_Assets/Local/MiniWorld/MiniWorldSprites/User Interface/Icons-Essentials.png
  artifactKey: Guid(35fd7f04b5e556a4ab9521f77166bb5c) Importer(815301076,1909f56bfc062723c751e8b465ee728b)
Start importing Assets/G_Assets/Local/MiniWorld/MiniWorldSprites/User Interface/Icons-Essentials.png using Guid(35fd7f04b5e556a4ab9521f77166bb5c) Importer(815301076,1909f56bfc062723c751e8b465ee728b)  -> (artifact id: '5954b704a4f5df715e01348cab1e2f93') in 0.016525 seconds
Number of updated asset objects reloaded before import = 0
Number of asset objects unloaded after import = 3
========================================================================
Received Import Request.
  Time since last request: 44.203500 seconds.
  path: Assets/G_Assets/Local/MiniWorld/MiniWorldSprites/Buildings/Cyan/CyanChapels.png
  artifactKey: Guid(a9446b1236150da469e56c61ca37953d) Importer(815301076,1909f56bfc062723c751e8b465ee728b)
Start importing Assets/G_Assets/Local/MiniWorld/MiniWorldSprites/Buildings/Cyan/CyanChapels.png using Guid(a9446b1236150da469e56c61ca37953d) Importer(815301076,1909f56bfc062723c751e8b465ee728b)  -> (artifact id: '8dee4c1e6c65bdce60215fadfacd0974') in 0.023418 seconds
Number of updated asset objects reloaded before import = 0
Number of asset objects unloaded after import = 3
========================================================================
Received Import Request.
  Time since last request: 0.000033 seconds.
  path: Assets/G_Assets/Local/MiniWorld/MiniWorldSprites/Buildings/Cyan/CyanResources.png
  artifactKey: Guid(6b3ca67501002384dad9569bf75d2762) Importer(815301076,1909f56bfc062723c751e8b465ee728b)
Start importing Assets/G_Assets/Local/MiniWorld/MiniWorldSprites/Buildings/Cyan/CyanResources.png using Guid(6b3ca67501002384dad9569bf75d2762) Importer(815301076,1909f56bfc062723c751e8b465ee728b)  -> (artifact id: '5f2d8ec10c82d9025a0ed901e138c288') in 0.023778 seconds
Number of updated asset objects reloaded before import = 0
Number of asset objects unloaded after import = 3
========================================================================
Received Import Request.
  Time since last request: 0.000030 seconds.
  path: Assets/G_Assets/Local/MiniWorld/MiniWorldSprites/Buildings/Cyan/CyanTaverns.png
  artifactKey: Guid(57f1b8e7f1086bb49993fd6ace43788e) Importer(815301076,1909f56bfc062723c751e8b465ee728b)
Start importing Assets/G_Assets/Local/MiniWorld/MiniWorldSprites/Buildings/Cyan/CyanTaverns.png using Guid(57f1b8e7f1086bb49993fd6ace43788e) Importer(815301076,1909f56bfc062723c751e8b465ee728b)  -> (artifact id: '671887526b676914c5edd8f0dc8247fd') in 0.019179 seconds
Number of updated asset objects reloaded before import = 0
Number of asset objects unloaded after import = 3
========================================================================
Received Import Request.
  Time since last request: 0.000021 seconds.
  path: Assets/G_Assets/Local/MiniWorld/MiniWorldSprites/Buildings/Cyan/CyanWorkshops.png
  artifactKey: Guid(4ea7deef2c186b642a40e030aed85ee2) Importer(815301076,1909f56bfc062723c751e8b465ee728b)
Start importing Assets/G_Assets/Local/MiniWorld/MiniWorldSprites/Buildings/Cyan/CyanWorkshops.png using Guid(4ea7deef2c186b642a40e030aed85ee2) Importer(815301076,1909f56bfc062723c751e8b465ee728b)  -> (artifact id: '84c872ca07f5c4cb7d1bb7ad278c8645') in 0.017087 seconds
Number of updated asset objects reloaded before import = 0
Number of asset objects unloaded after import = 3
========================================================================
Received Import Request.
  Time since last request: 0.000021 seconds.
  path: Assets/G_Assets/Local/MiniWorld/MiniWorldSprites/Buildings/Cyan/CyanHouses.png
  artifactKey: Guid(024ffc60cd795ea409777d487286dad4) Importer(815301076,1909f56bfc062723c751e8b465ee728b)
Start importing Assets/G_Assets/Local/MiniWorld/MiniWorldSprites/Buildings/Cyan/CyanHouses.png using Guid(024ffc60cd795ea409777d487286dad4) Importer(815301076,1909f56bfc062723c751e8b465ee728b)  -> (artifact id: 'f6f846994e5eddcfd7e31d0dbd61691d') in 0.020446 seconds
Number of updated asset objects reloaded before import = 0
Number of asset objects unloaded after import = 3
========================================================================
Received Import Request.
  Time since last request: 0.000056 seconds.
  path: Assets/G_Assets/Local/MiniWorld/MiniWorldSprites/Buildings/Cyan/CyanMarket.png
  artifactKey: Guid(dabe93f734a9ee7459622ac47eeb4720) Importer(815301076,1909f56bfc062723c751e8b465ee728b)
Start importing Assets/G_Assets/Local/MiniWorld/MiniWorldSprites/Buildings/Cyan/CyanMarket.png using Guid(dabe93f734a9ee7459622ac47eeb4720) Importer(815301076,1909f56bfc062723c751e8b465ee728b)  -> (artifact id: '94e51a556821658093669b34a1680c2b') in 0.020647 seconds
Number of updated asset objects reloaded before import = 0
Number of asset objects unloaded after import = 3
Editor requested this worker to shutdown with reason: Scaling down because of idle timeout
TcpMessagingSession - receive error: operation aborted. errorcode: 995, details: The I/O operation has been aborted because of either a thread exit or an application request.
AssetImportWorker is now disconnected from the server
Process exiting
Exiting without the bug reporter. Application will terminate with return code 0