Using pre-set license
Built from '2022.3/staging' branch; Version is '2022.3.27f1 (73effa14754f) revision 7598074'; Using compiler version '192829333'; Build Type 'Release'
OS: 'Windows 11  (10.0.22631) 64bit CoreSingleLanguage' Language: 'en' Physical Memory: 16163 MB
BatchMode: 1, IsHumanControllingUs: 0, StartBugReporterOnCrash: 0, Is64bit: 1, IsPro: 1

COMMAND LINE ARGUMENTS:
E:\UnityEditor\2022.3.27f1\Editor\Unity.exe
-adb2
-batchMode
-noUpm
-name
AssetImportWorker4
-projectPath
F:/Unity_Project/Editor/PC/Offline/2D/Mini World
-logFile
Logs/AssetImportWorker4.log
-srvPort
50664
Successfully changed project path to: F:/Unity_Project/Editor/PC/Offline/2D/Mini World
F:/Unity_Project/Editor/PC/Offline/2D/Mini World
[UnityMemory] Configuration Parameters - Can be set up in boot.config
    "memorysetup-bucket-allocator-granularity=16"
    "memorysetup-bucket-allocator-bucket-count=8"
    "memorysetup-bucket-allocator-block-size=33554432"
    "memorysetup-bucket-allocator-block-count=8"
    "memorysetup-main-allocator-block-size=16777216"
    "memorysetup-thread-allocator-block-size=16777216"
    "memorysetup-gfx-main-allocator-block-size=16777216"
    "memorysetup-gfx-thread-allocator-block-size=16777216"
    "memorysetup-cache-allocator-block-size=4194304"
    "memorysetup-typetree-allocator-block-size=2097152"
    "memorysetup-profiler-bucket-allocator-granularity=16"
    "memorysetup-profiler-bucket-allocator-bucket-count=8"
    "memorysetup-profiler-bucket-allocator-block-size=33554432"
    "memorysetup-profiler-bucket-allocator-block-count=8"
    "memorysetup-profiler-allocator-block-size=16777216"
    "memorysetup-profiler-editor-allocator-block-size=1048576"
    "memorysetup-temp-allocator-size-main=16777216"
    "memorysetup-job-temp-allocator-block-size=2097152"
    "memorysetup-job-temp-allocator-block-size-background=1048576"
    "memorysetup-job-temp-allocator-reduction-small-platforms=262144"
    "memorysetup-allocator-temp-initial-block-size-main=262144"
    "memorysetup-allocator-temp-initial-block-size-worker=262144"
    "memorysetup-temp-allocator-size-background-worker=32768"
    "memorysetup-temp-allocator-size-job-worker=262144"
    "memorysetup-temp-allocator-size-preload-manager=33554432"
    "memorysetup-temp-allocator-size-nav-mesh-worker=65536"
    "memorysetup-temp-allocator-size-audio-worker=65536"
    "memorysetup-temp-allocator-size-cloud-worker=32768"
    "memorysetup-temp-allocator-size-gi-baking-worker=262144"
    "memorysetup-temp-allocator-size-gfx=262144"
Player connection [4544] Host "[IP] 192.168.0.104 [Port] 0 [Flags] 2 [Guid] 2751727704 [EditorId] 2751727704 [Version] 1048832 [Id] WindowsEditor(7,MQuang) [Debug] 1 [PackageName] WindowsEditor [ProjectName] Editor" joined multi-casting on [225.0.0.222:54997]...

Player connection [4544] Host "[IP] 192.168.0.104 [Port] 0 [Flags] 2 [Guid] 2751727704 [EditorId] 2751727704 [Version] 1048832 [Id] WindowsEditor(7,MQuang) [Debug] 1 [PackageName] WindowsEditor [ProjectName] Editor" joined alternative multi-casting on [225.0.0.222:34997]...

[Physics::Module] Initialized MultithreadedJobDispatcher with 11 workers.
Refreshing native plugins compatible for Editor in 5.24 ms, found 4 plugins.
Preloading 0 native plugins for Editor in 0.00 ms.
Initialize engine version: 2022.3.27f1 (73effa14754f)
[Subsystems] Discovering subsystems at path E:/UnityEditor/2022.3.27f1/Editor/Data/Resources/UnitySubsystems
[Subsystems] Discovering subsystems at path F:/Unity_Project/Editor/PC/Offline/2D/Mini World/Assets
GfxDevice: creating device client; threaded=0; jobified=0
Direct3D:
    Version:  Direct3D 11.0 [level 11.1]
    Renderer: NVIDIA GeForce GTX 1650 (ID=0x1f9d)
    Vendor:   NVIDIA
    VRAM:     3962 MB
    Driver:   31.0.15.1748
Initialize mono
Mono path[0] = 'E:/UnityEditor/2022.3.27f1/Editor/Data/Managed'
Mono path[1] = 'E:/UnityEditor/2022.3.27f1/Editor/Data/MonoBleedingEdge/lib/mono/unityjit-win32'
Mono config path = 'E:/UnityEditor/2022.3.27f1/Editor/Data/MonoBleedingEdge/etc'
Using monoOptions --debugger-agent=transport=dt_socket,embedding=1,server=y,suspend=n,address=127.0.0.1:56428
Begin MonoManager ReloadAssembly
Registering precompiled unity dll's ...
Register platform support module: E:/UnityEditor/2022.3.27f1/Editor/Data/PlaybackEngines/WebGLSupport/UnityEditor.WebGL.Extensions.dll
Register platform support module: E:/UnityEditor/2022.3.27f1/Editor/Data/PlaybackEngines/AndroidPlayer/UnityEditor.Android.Extensions.dll
Register platform support module: E:/UnityEditor/2022.3.27f1/Editor/Data/PlaybackEngines/WindowsStandaloneSupport/UnityEditor.WindowsStandalone.Extensions.dll
Registered in 0.003504 seconds.
- Loaded All Assemblies, in  0.280 seconds
Native extension for WindowsStandalone target not found
Native extension for Android target not found
Android Extension - Scanning For ADB Devices 180 ms
Native extension for WebGL target not found
Mono: successfully reloaded assembly
- Finished resetting the current domain, in  0.448 seconds
Domain Reload Profiling: 728ms
	BeginReloadAssembly (74ms)
		ExecutionOrderSort (0ms)
		DisableScriptedObjects (0ms)
		BackupInstance (0ms)
		ReleaseScriptingObjects (0ms)
		CreateAndSetChildDomain (1ms)
	RebuildCommonClasses (40ms)
	RebuildNativeTypeToScriptingClass (10ms)
	initialDomainReloadingComplete (45ms)
	LoadAllAssembliesAndSetupDomain (110ms)
		LoadAssemblies (74ms)
		RebuildTransferFunctionScriptingTraits (0ms)
		AnalyzeDomain (109ms)
			TypeCache.Refresh (107ms)
				TypeCache.ScanAssembly (97ms)
			ScanForSourceGeneratedMonoScriptInfo (0ms)
			ResolveRequiredComponents (0ms)
	FinalizeReload (448ms)
		ReleaseScriptCaches (0ms)
		RebuildScriptCaches (0ms)
		SetupLoadedEditorAssemblies (402ms)
			LogAssemblyErrors (0ms)
			InitializePlatformSupportModulesInManaged (266ms)
			SetLoadedEditorAssemblies (3ms)
			RefreshPlugins (0ms)
			BeforeProcessingInitializeOnLoad (2ms)
			ProcessInitializeOnLoadAttributes (94ms)
			ProcessInitializeOnLoadMethodAttributes (37ms)
			AfterProcessingInitializeOnLoad (0ms)
			EditorAssembliesLoaded (0ms)
		ExecutionOrderSort2 (0ms)
		AwakeInstancesAfterBackupRestoration (0ms)
========================================================================
Worker process is ready to serve import requests
Begin MonoManager ReloadAssembly
- Loaded All Assemblies, in  0.517 seconds
Refreshing native plugins compatible for Editor in 2.01 ms, found 4 plugins.
Native extension for WindowsStandalone target not found
Native extension for Android target not found
Native extension for WebGL target not found
Package Manager log level set to [2]
[Package Manager] Server::EnsureServerProcessIsRunning -- launch failed, reason: Unity was launched with the -noUpm command-line argument
[Package Manager] UpmClient::Send -- Unable to send message (not connected to UPM process).
[Package Manager] Cannot connect to Unity Package Manager local server
Mono: successfully reloaded assembly
- Finished resetting the current domain, in  0.561 seconds
Domain Reload Profiling: 1078ms
	BeginReloadAssembly (105ms)
		ExecutionOrderSort (0ms)
		DisableScriptedObjects (4ms)
		BackupInstance (0ms)
		ReleaseScriptingObjects (0ms)
		CreateAndSetChildDomain (20ms)
	RebuildCommonClasses (26ms)
	RebuildNativeTypeToScriptingClass (9ms)
	initialDomainReloadingComplete (35ms)
	LoadAllAssembliesAndSetupDomain (342ms)
		LoadAssemblies (216ms)
		RebuildTransferFunctionScriptingTraits (0ms)
		AnalyzeDomain (183ms)
			TypeCache.Refresh (152ms)
				TypeCache.ScanAssembly (136ms)
			ScanForSourceGeneratedMonoScriptInfo (22ms)
			ResolveRequiredComponents (8ms)
	FinalizeReload (561ms)
		ReleaseScriptCaches (0ms)
		RebuildScriptCaches (0ms)
		SetupLoadedEditorAssemblies (411ms)
			LogAssemblyErrors (0ms)
			InitializePlatformSupportModulesInManaged (18ms)
			SetLoadedEditorAssemblies (4ms)
			RefreshPlugins (0ms)
			BeforeProcessingInitializeOnLoad (61ms)
			ProcessInitializeOnLoadAttributes (248ms)
			ProcessInitializeOnLoadMethodAttributes (78ms)
			AfterProcessingInitializeOnLoad (2ms)
			EditorAssembliesLoaded (0ms)
		ExecutionOrderSort2 (0ms)
		AwakeInstancesAfterBackupRestoration (5ms)
Launched and connected shader compiler UnityShaderCompiler.exe after 0.03 seconds
Refreshing native plugins compatible for Editor in 2.01 ms, found 4 plugins.
Preloading 0 native plugins for Editor in 0.00 ms.
Unloading 5673 Unused Serialized files (Serialized files now loaded: 0)
Unloading 101 unused Assets / (0.9 MB). Loaded Objects now: 6119.
Memory consumption went from 224.7 MB to 223.8 MB.
Total: 4.128300 ms (FindLiveObjects: 0.403800 ms CreateObjectMapping: 0.224500 ms MarkObjects: 3.118600 ms  DeleteObjects: 0.380100 ms)

AssetImportParameters requested are different than current active one (requested -> active):
  custom:container-demuxer-ogg: 62fdf1f143b41e24485cea50d1cbac27 -> 
  custom:video-codec-MediaFoundation-h265: 746d11721c4dcdbdad8f713fa42b33f4 -> 
  custom:video-decoder-ogg-theora: a1e56fd34408186e4bbccfd4996cb3dc -> 
  custom:framework-win-MediaFoundation: 216162199b28c13a410421893ffa2e32 -> 
  custom:CustomObjectIndexerAttribute: 72b91833f83ae208fae7752999fa3104 -> 
  custom:container-demuxer-webm: 4f35f7cbe854078d1ac9338744f61a02 -> 
  custom:container-muxer-webm: aa71ff27fc2769a1b78a27578f13a17b -> 
  custom:video-decoder-webm-vp8: 9c59270c3fd7afecdb556c50c9e8de78 -> 
  custom:SearchIndexIgnoredProperties: e643bd26f0fe6173181afceb89e7c659 -> 
  custom:AudioImporter_EditorPlatform: d09bf68614088b80899f8185d706f6e7 -> 
  custom:video-encoder-webm-vp8: eb34c28f22e8b96e1ab97ce403110664 -> 
  custom:audio-decoder-ogg-vorbis: bf7c407c2cedff20999df2af8eb42d56 -> 
  custom:audio-encoder-webm-vorbis: bf7c407c2cedff20999df2af8eb42d56 -> 
========================================================================
Received Import Request.
  Time since last request: 1722.321441 seconds.
  path: Assets/G_Assets/Local/MiniWorld/MiniWorldSprites/Miscellaneous/Boat.png
  artifactKey: Guid(0d1cdc9c1855fee4daddb30e1695942c) Importer(815301076,1909f56bfc062723c751e8b465ee728b)
Start importing Assets/G_Assets/Local/MiniWorld/MiniWorldSprites/Miscellaneous/Boat.png using Guid(0d1cdc9c1855fee4daddb30e1695942c) Importer(815301076,1909f56bfc062723c751e8b465ee728b)  -> (artifact id: 'f72619700b315247097b977ebbe8e26b') in 0.088018 seconds
Number of updated asset objects reloaded before import = 0
Number of asset objects unloaded after import = 3
========================================================================
Received Import Request.
  Time since last request: 0.000044 seconds.
  path: Assets/G_Assets/Local/MiniWorld/MiniWorldSprites/Miscellaneous/PirateShip.png
  artifactKey: Guid(33ef3b4a21ff86449a3057e8e8d93933) Importer(815301076,1909f56bfc062723c751e8b465ee728b)
Start importing Assets/G_Assets/Local/MiniWorld/MiniWorldSprites/Miscellaneous/PirateShip.png using Guid(33ef3b4a21ff86449a3057e8e8d93933) Importer(815301076,1909f56bfc062723c751e8b465ee728b)  -> (artifact id: '589b9f40849e149f13bc33c2f32f0322') in 0.021068 seconds
Number of updated asset objects reloaded before import = 0
Number of asset objects unloaded after import = 3
========================================================================
Received Import Request.
  Time since last request: 5.711518 seconds.
  path: Assets/G_Assets/Local/MiniWorld/MiniWorldSprites/Nature/Cactus.png
  artifactKey: Guid(2d506dede9a62c34c9126751fda5a657) Importer(815301076,1909f56bfc062723c751e8b465ee728b)
Start importing Assets/G_Assets/Local/MiniWorld/MiniWorldSprites/Nature/Cactus.png using Guid(2d506dede9a62c34c9126751fda5a657) Importer(815301076,1909f56bfc062723c751e8b465ee728b)  -> (artifact id: '05143eae58d6a2e8ab28f317642d3d97') in 0.026024 seconds
Number of updated asset objects reloaded before import = 0
Number of asset objects unloaded after import = 3
========================================================================
Received Import Request.
  Time since last request: 0.000024 seconds.
  path: Assets/G_Assets/Local/MiniWorld/MiniWorldSprites/Nature/Tumbleweed.png
  artifactKey: Guid(f09ef16178d54e24b8619775d4f5b4ac) Importer(815301076,1909f56bfc062723c751e8b465ee728b)
Start importing Assets/G_Assets/Local/MiniWorld/MiniWorldSprites/Nature/Tumbleweed.png using Guid(f09ef16178d54e24b8619775d4f5b4ac) Importer(815301076,1909f56bfc062723c751e8b465ee728b)  -> (artifact id: '08bcb88af96c7822a1f8ab33edfbcb87') in 0.017008 seconds
Number of updated asset objects reloaded before import = 0
Number of asset objects unloaded after import = 3
========================================================================
Received Import Request.
  Time since last request: 0.000082 seconds.
  path: Assets/G_Assets/Local/MiniWorld/MiniWorldSprites/Nature/Rocks.png
  artifactKey: Guid(33f8ec3561a625f409ba9b15773933c7) Importer(815301076,1909f56bfc062723c751e8b465ee728b)
Start importing Assets/G_Assets/Local/MiniWorld/MiniWorldSprites/Nature/Rocks.png using Guid(33f8ec3561a625f409ba9b15773933c7) Importer(815301076,1909f56bfc062723c751e8b465ee728b)  -> (artifact id: '1a0c340ed3f460202badbdf401693119') in 0.013737 seconds
Number of updated asset objects reloaded before import = 0
Number of asset objects unloaded after import = 3
========================================================================
Received Import Request.
  Time since last request: 4.487162 seconds.
  path: Assets/G_Assets/Local/MiniWorld/MiniWorldSprites/Nature/Cactus.png
  artifactKey: Guid(2d506dede9a62c34c9126751fda5a657) Importer(815301076,1909f56bfc062723c751e8b465ee728b)
Start importing Assets/G_Assets/Local/MiniWorld/MiniWorldSprites/Nature/Cactus.png using Guid(2d506dede9a62c34c9126751fda5a657) Importer(815301076,1909f56bfc062723c751e8b465ee728b)  -> (artifact id: '31162b566424bb9523d65615525eb2fb') in 0.013637 seconds
Number of updated asset objects reloaded before import = 0
Number of asset objects unloaded after import = 2
========================================================================
Received Import Request.
  Time since last request: 2.797741 seconds.
  path: Assets/G_Assets/Local/MiniWorld/MiniWorldSprites/Nature/Cactus.png
  artifactKey: Guid(2d506dede9a62c34c9126751fda5a657) Importer(815301076,1909f56bfc062723c751e8b465ee728b)
Start importing Assets/G_Assets/Local/MiniWorld/MiniWorldSprites/Nature/Cactus.png using Guid(2d506dede9a62c34c9126751fda5a657) Importer(815301076,1909f56bfc062723c751e8b465ee728b)  -> (artifact id: '344b099d624e18ca3e0128c51be9f6ac') in 0.048505 seconds
Number of updated asset objects reloaded before import = 0
Number of asset objects unloaded after import = 10
========================================================================
Received Import Request.
  Time since last request: 4.485711 seconds.
  path: Assets/G_Assets/Local/MiniWorld/MiniWorldSprites/Nature/CoconutTrees.png
  artifactKey: Guid(2e1a2f547f2f518418041ce6e2f3a234) Importer(815301076,1909f56bfc062723c751e8b465ee728b)
Start importing Assets/G_Assets/Local/MiniWorld/MiniWorldSprites/Nature/CoconutTrees.png using Guid(2e1a2f547f2f518418041ce6e2f3a234) Importer(815301076,1909f56bfc062723c751e8b465ee728b)  -> (artifact id: '3067f31534df3c75aa52bd2f7082472e') in 0.013460 seconds
Number of updated asset objects reloaded before import = 0
Number of asset objects unloaded after import = 2
========================================================================
Received Import Request.
  Time since last request: 2.740461 seconds.
  path: Assets/G_Assets/Local/MiniWorld/MiniWorldSprites/Nature/CoconutTrees.png
  artifactKey: Guid(2e1a2f547f2f518418041ce6e2f3a234) Importer(815301076,1909f56bfc062723c751e8b465ee728b)
Start importing Assets/G_Assets/Local/MiniWorld/MiniWorldSprites/Nature/CoconutTrees.png using Guid(2e1a2f547f2f518418041ce6e2f3a234) Importer(815301076,1909f56bfc062723c751e8b465ee728b)  -> (artifact id: '9b1a16d2d6a89141faaf907afeb27103') in 0.037172 seconds
Number of updated asset objects reloaded before import = 0
Number of asset objects unloaded after import = 8
========================================================================
Received Import Request.
  Time since last request: 5.018198 seconds.
  path: Assets/G_Assets/Local/MiniWorld/MiniWorldSprites/Nature/DeadTrees.png
  artifactKey: Guid(cf1b494f445b41b47b3bcf85af1399dd) Importer(815301076,1909f56bfc062723c751e8b465ee728b)
Start importing Assets/G_Assets/Local/MiniWorld/MiniWorldSprites/Nature/DeadTrees.png using Guid(cf1b494f445b41b47b3bcf85af1399dd) Importer(815301076,1909f56bfc062723c751e8b465ee728b)  -> (artifact id: '113012ddf127f57d210c67dbb30e1d50') in 0.011640 seconds
Number of updated asset objects reloaded before import = 0
Number of asset objects unloaded after import = 2
========================================================================
Received Import Request.
  Time since last request: 2.679508 seconds.
  path: Assets/G_Assets/Local/MiniWorld/MiniWorldSprites/Nature/DeadTrees.png
  artifactKey: Guid(cf1b494f445b41b47b3bcf85af1399dd) Importer(815301076,1909f56bfc062723c751e8b465ee728b)
Start importing Assets/G_Assets/Local/MiniWorld/MiniWorldSprites/Nature/DeadTrees.png using Guid(cf1b494f445b41b47b3bcf85af1399dd) Importer(815301076,1909f56bfc062723c751e8b465ee728b)  -> (artifact id: 'bcc5e4ac9d002049c61646641a9acce3') in 0.031468 seconds
Number of updated asset objects reloaded before import = 0
Number of asset objects unloaded after import = 6
========================================================================
Received Import Request.
  Time since last request: 4.189096 seconds.
  path: Assets/G_Assets/Local/MiniWorld/MiniWorldSprites/Nature/PineTrees.png
  artifactKey: Guid(d2456a2703e3ef341aa873e6dae68059) Importer(815301076,1909f56bfc062723c751e8b465ee728b)
Start importing Assets/G_Assets/Local/MiniWorld/MiniWorldSprites/Nature/PineTrees.png using Guid(d2456a2703e3ef341aa873e6dae68059) Importer(815301076,1909f56bfc062723c751e8b465ee728b)  -> (artifact id: 'b14c0906a47b1e5b889b7c8116430ac8') in 0.012919 seconds
Number of updated asset objects reloaded before import = 0
Number of asset objects unloaded after import = 2
========================================================================
Received Import Request.
  Time since last request: 2.584980 seconds.
  path: Assets/G_Assets/Local/MiniWorld/MiniWorldSprites/Nature/PineTrees.png
  artifactKey: Guid(d2456a2703e3ef341aa873e6dae68059) Importer(815301076,1909f56bfc062723c751e8b465ee728b)
Start importing Assets/G_Assets/Local/MiniWorld/MiniWorldSprites/Nature/PineTrees.png using Guid(d2456a2703e3ef341aa873e6dae68059) Importer(815301076,1909f56bfc062723c751e8b465ee728b)  -> (artifact id: 'ddfe9b9f45fc28f44e0c9e3bc818e6f1') in 0.024881 seconds
Number of updated asset objects reloaded before import = 0
Number of asset objects unloaded after import = 5
========================================================================
Received Import Request.
  Time since last request: 5.852999 seconds.
  path: Assets/G_Assets/Local/MiniWorld/MiniWorldSprites/Nature/Rocks.png
  artifactKey: Guid(33f8ec3561a625f409ba9b15773933c7) Importer(815301076,1909f56bfc062723c751e8b465ee728b)
Start importing Assets/G_Assets/Local/MiniWorld/MiniWorldSprites/Nature/Rocks.png using Guid(33f8ec3561a625f409ba9b15773933c7) Importer(815301076,1909f56bfc062723c751e8b465ee728b)  -> (artifact id: 'fd1ac84f3ba95375bb758fd064bb60b1') in 0.011681 seconds
Number of updated asset objects reloaded before import = 0
Number of asset objects unloaded after import = 2
========================================================================
Received Import Request.
  Time since last request: 3.199052 seconds.
  path: Assets/G_Assets/Local/MiniWorld/MiniWorldSprites/Nature/Rocks.png
  artifactKey: Guid(33f8ec3561a625f409ba9b15773933c7) Importer(815301076,1909f56bfc062723c751e8b465ee728b)
Start importing Assets/G_Assets/Local/MiniWorld/MiniWorldSprites/Nature/Rocks.png using Guid(33f8ec3561a625f409ba9b15773933c7) Importer(815301076,1909f56bfc062723c751e8b465ee728b)  -> (artifact id: 'c8ffd0e7a0a62ddceceec06c89ef5d6b') in 0.068979 seconds
Number of updated asset objects reloaded before import = 0
Number of asset objects unloaded after import = 14
========================================================================
Received Import Request.
  Time since last request: 4.762248 seconds.
  path: Assets/G_Assets/Local/MiniWorld/MiniWorldSprites/Nature/Trees.png
  artifactKey: Guid(49c8232cc65e4934fbc03ba77bc28007) Importer(815301076,1909f56bfc062723c751e8b465ee728b)
Start importing Assets/G_Assets/Local/MiniWorld/MiniWorldSprites/Nature/Trees.png using Guid(49c8232cc65e4934fbc03ba77bc28007) Importer(815301076,1909f56bfc062723c751e8b465ee728b)  -> (artifact id: 'b1443fc185aad3a94bbf7933e3c7e5db') in 0.011887 seconds
Number of updated asset objects reloaded before import = 0
Number of asset objects unloaded after import = 2
========================================================================
Received Import Request.
  Time since last request: 2.543261 seconds.
  path: Assets/G_Assets/Local/MiniWorld/MiniWorldSprites/Nature/Trees.png
  artifactKey: Guid(49c8232cc65e4934fbc03ba77bc28007) Importer(815301076,1909f56bfc062723c751e8b465ee728b)
Start importing Assets/G_Assets/Local/MiniWorld/MiniWorldSprites/Nature/Trees.png using Guid(49c8232cc65e4934fbc03ba77bc28007) Importer(815301076,1909f56bfc062723c751e8b465ee728b)  -> (artifact id: '212caca389212c97dab7c9200e9d8508') in 0.031150 seconds
Number of updated asset objects reloaded before import = 0
Number of asset objects unloaded after import = 6
========================================================================
Received Import Request.
  Time since last request: 5.211593 seconds.
  path: Assets/G_Assets/Local/MiniWorld/MiniWorldSprites/Nature/Tumbleweed.png
  artifactKey: Guid(f09ef16178d54e24b8619775d4f5b4ac) Importer(815301076,1909f56bfc062723c751e8b465ee728b)
Start importing Assets/G_Assets/Local/MiniWorld/MiniWorldSprites/Nature/Tumbleweed.png using Guid(f09ef16178d54e24b8619775d4f5b4ac) Importer(815301076,1909f56bfc062723c751e8b465ee728b)  -> (artifact id: '9f5a72c5af80b88c060f7cca7a3c0da9') in 0.011454 seconds
Number of updated asset objects reloaded before import = 0
Number of asset objects unloaded after import = 2
========================================================================
Received Import Request.
  Time since last request: 2.847726 seconds.
  path: Assets/G_Assets/Local/MiniWorld/MiniWorldSprites/Nature/Tumbleweed.png
  artifactKey: Guid(f09ef16178d54e24b8619775d4f5b4ac) Importer(815301076,1909f56bfc062723c751e8b465ee728b)
Start importing Assets/G_Assets/Local/MiniWorld/MiniWorldSprites/Nature/Tumbleweed.png using Guid(f09ef16178d54e24b8619775d4f5b4ac) Importer(815301076,1909f56bfc062723c751e8b465ee728b)  -> (artifact id: '0719d3f0c0838802996aa8317363eada') in 0.018754 seconds
Number of updated asset objects reloaded before import = 0
Number of asset objects unloaded after import = 4
========================================================================
Received Import Request.
  Time since last request: 5.627422 seconds.
  path: Assets/G_Assets/Local/MiniWorld/MiniWorldSprites/Nature/Wheatfield.png
  artifactKey: Guid(6d7a00652e2657b43aad4c7603ec201a) Importer(815301076,1909f56bfc062723c751e8b465ee728b)
Start importing Assets/G_Assets/Local/MiniWorld/MiniWorldSprites/Nature/Wheatfield.png using Guid(6d7a00652e2657b43aad4c7603ec201a) Importer(815301076,1909f56bfc062723c751e8b465ee728b)  -> (artifact id: '23913399281b3a1b84dabf738fe1a117') in 0.011874 seconds
Number of updated asset objects reloaded before import = 0
Number of asset objects unloaded after import = 2
========================================================================
Received Import Request.
  Time since last request: 4.190270 seconds.
  path: Assets/G_Assets/Local/MiniWorld/MiniWorldSprites/Nature/Wheatfield.png
  artifactKey: Guid(6d7a00652e2657b43aad4c7603ec201a) Importer(815301076,1909f56bfc062723c751e8b465ee728b)
Start importing Assets/G_Assets/Local/MiniWorld/MiniWorldSprites/Nature/Wheatfield.png using Guid(6d7a00652e2657b43aad4c7603ec201a) Importer(815301076,1909f56bfc062723c751e8b465ee728b)  -> (artifact id: 'f78b9cef65cd33ea52444de2300b2425') in 0.025813 seconds
Number of updated asset objects reloaded before import = 0
Number of asset objects unloaded after import = 6
========================================================================
Received Import Request.
  Time since last request: 5.531766 seconds.
  path: Assets/G_Assets/Local/MiniWorld/MiniWorldSprites/Nature/WinterTrees.png
  artifactKey: Guid(d5bcafa047c9ada448ca934dba209f24) Importer(815301076,1909f56bfc062723c751e8b465ee728b)
Start importing Assets/G_Assets/Local/MiniWorld/MiniWorldSprites/Nature/WinterTrees.png using Guid(d5bcafa047c9ada448ca934dba209f24) Importer(815301076,1909f56bfc062723c751e8b465ee728b)  -> (artifact id: 'd94cfabf3deb43ea3655f69626cc330e') in 0.012071 seconds
Number of updated asset objects reloaded before import = 0
Number of asset objects unloaded after import = 2
========================================================================
Received Import Request.
  Time since last request: 2.640122 seconds.
  path: Assets/G_Assets/Local/MiniWorld/MiniWorldSprites/Nature/WinterTrees.png
  artifactKey: Guid(d5bcafa047c9ada448ca934dba209f24) Importer(815301076,1909f56bfc062723c751e8b465ee728b)
Start importing Assets/G_Assets/Local/MiniWorld/MiniWorldSprites/Nature/WinterTrees.png using Guid(d5bcafa047c9ada448ca934dba209f24) Importer(815301076,1909f56bfc062723c751e8b465ee728b)  -> (artifact id: '1da89956989ed717c481b91885b310bd') in 0.068142 seconds
Number of updated asset objects reloaded before import = 0
Number of asset objects unloaded after import = 18
========================================================================
Received Import Request.
  Time since last request: 2.586479 seconds.
  path: Assets/G_Assets/Local/MiniWorld/MiniWorldSprites/Objects/ArrowLong.png
  artifactKey: Guid(a1fb6f3d464740b468193b51f2266dc9) Importer(815301076,1909f56bfc062723c751e8b465ee728b)
Start importing Assets/G_Assets/Local/MiniWorld/MiniWorldSprites/Objects/ArrowLong.png using Guid(a1fb6f3d464740b468193b51f2266dc9) Importer(815301076,1909f56bfc062723c751e8b465ee728b)  -> (artifact id: '98aadbaad329e57f08fb424e7c78d2ed') in 0.023341 seconds
Number of updated asset objects reloaded before import = 0
Number of asset objects unloaded after import = 3
========================================================================
Received Import Request.
  Time since last request: 0.000028 seconds.
  path: Assets/G_Assets/Local/MiniWorld/MiniWorldSprites/Objects/SwordShort.png
  artifactKey: Guid(f5801f9a21182c94db577f070f778cdf) Importer(815301076,1909f56bfc062723c751e8b465ee728b)
Start importing Assets/G_Assets/Local/MiniWorld/MiniWorldSprites/Objects/SwordShort.png using Guid(f5801f9a21182c94db577f070f778cdf) Importer(815301076,1909f56bfc062723c751e8b465ee728b)  -> (artifact id: '0544119a7d18859940c7728fce95ea82') in 0.022240 seconds
Number of updated asset objects reloaded before import = 0
Number of asset objects unloaded after import = 3
========================================================================
Received Import Request.
  Time since last request: 0.000021 seconds.
  path: Assets/G_Assets/Local/MiniWorld/MiniWorldSprites/Objects/ShortBig.png
  artifactKey: Guid(4aa4280c1c80c0a44a3f42533e4a33ad) Importer(815301076,1909f56bfc062723c751e8b465ee728b)
Start importing Assets/G_Assets/Local/MiniWorld/MiniWorldSprites/Objects/ShortBig.png using Guid(4aa4280c1c80c0a44a3f42533e4a33ad) Importer(815301076,1909f56bfc062723c751e8b465ee728b)  -> (artifact id: 'a895e1a33b2ad2bd85e85e5daf4a1bc6') in 0.018156 seconds
Number of updated asset objects reloaded before import = 0
Number of asset objects unloaded after import = 3
========================================================================
Received Import Request.
  Time since last request: 0.000027 seconds.
  path: Assets/G_Assets/Local/MiniWorld/MiniWorldSprites/Objects/Bullet.png
  artifactKey: Guid(ba54bd507c23ebb418529270ed38b474) Importer(815301076,1909f56bfc062723c751e8b465ee728b)
Start importing Assets/G_Assets/Local/MiniWorld/MiniWorldSprites/Objects/Bullet.png using Guid(ba54bd507c23ebb418529270ed38b474) Importer(815301076,1909f56bfc062723c751e8b465ee728b)  -> (artifact id: '3868ac3a645037ee36721b4ad3cc13be') in 0.020735 seconds
Number of updated asset objects reloaded before import = 0
Number of asset objects unloaded after import = 3
========================================================================
Received Import Request.
  Time since last request: 4.181372 seconds.
  path: Assets/G_Assets/Local/MiniWorld/MiniWorldSprites/Templates/16x16Large.png
  artifactKey: Guid(98ae76e888f105b4993e789c22ead5f4) Importer(815301076,1909f56bfc062723c751e8b465ee728b)
Start importing Assets/G_Assets/Local/MiniWorld/MiniWorldSprites/Templates/16x16Large.png using Guid(98ae76e888f105b4993e789c22ead5f4) Importer(815301076,1909f56bfc062723c751e8b465ee728b)  -> (artifact id: 'f24e1d7cdbfbf3d3296d59e05f0ee668') in 0.019571 seconds
Number of updated asset objects reloaded before import = 0
Number of asset objects unloaded after import = 3
Editor requested this worker to shutdown with reason: Scaling down because of idle timeout
TcpMessagingSession - receive error: operation aborted. errorcode: 995, details: The I/O operation has been aborted because of either a thread exit or an application request.
AssetImportWorker is now disconnected from the server
Process exiting
Exiting without the bug reporter. Application will terminate with return code 0