Using pre-set license
Built from '2022.3/staging' branch; Version is '2022.3.27f1 (73effa14754f) revision 7598074'; Using compiler version '192829333'; Build Type 'Release'
OS: 'Windows 11  (10.0.22631) 64bit CoreSingleLanguage' Language: 'en' Physical Memory: 16163 MB
BatchMode: 1, IsHumanControllingUs: 0, StartBugReporterOnCrash: 0, Is64bit: 1, IsPro: 1

COMMAND LINE ARGUMENTS:
E:\UnityEditor\2022.3.27f1\Editor\Unity.exe
-adb2
-batchMode
-noUpm
-name
AssetImportWorker6
-projectPath
F:/Unity_Project/Editor/PC/Offline/2D/Mini World
-logFile
Logs/AssetImportWorker6.log
-srvPort
50664
Successfully changed project path to: F:/Unity_Project/Editor/PC/Offline/2D/Mini World
F:/Unity_Project/Editor/PC/Offline/2D/Mini World
[UnityMemory] Configuration Parameters - Can be set up in boot.config
    "memorysetup-bucket-allocator-granularity=16"
    "memorysetup-bucket-allocator-bucket-count=8"
    "memorysetup-bucket-allocator-block-size=33554432"
    "memorysetup-bucket-allocator-block-count=8"
    "memorysetup-main-allocator-block-size=16777216"
    "memorysetup-thread-allocator-block-size=16777216"
    "memorysetup-gfx-main-allocator-block-size=16777216"
    "memorysetup-gfx-thread-allocator-block-size=16777216"
    "memorysetup-cache-allocator-block-size=4194304"
    "memorysetup-typetree-allocator-block-size=2097152"
    "memorysetup-profiler-bucket-allocator-granularity=16"
    "memorysetup-profiler-bucket-allocator-bucket-count=8"
    "memorysetup-profiler-bucket-allocator-block-size=33554432"
    "memorysetup-profiler-bucket-allocator-block-count=8"
    "memorysetup-profiler-allocator-block-size=16777216"
    "memorysetup-profiler-editor-allocator-block-size=1048576"
    "memorysetup-temp-allocator-size-main=16777216"
    "memorysetup-job-temp-allocator-block-size=2097152"
    "memorysetup-job-temp-allocator-block-size-background=1048576"
    "memorysetup-job-temp-allocator-reduction-small-platforms=262144"
    "memorysetup-allocator-temp-initial-block-size-main=262144"
    "memorysetup-allocator-temp-initial-block-size-worker=262144"
    "memorysetup-temp-allocator-size-background-worker=32768"
    "memorysetup-temp-allocator-size-job-worker=262144"
    "memorysetup-temp-allocator-size-preload-manager=33554432"
    "memorysetup-temp-allocator-size-nav-mesh-worker=65536"
    "memorysetup-temp-allocator-size-audio-worker=65536"
    "memorysetup-temp-allocator-size-cloud-worker=32768"
    "memorysetup-temp-allocator-size-gi-baking-worker=262144"
    "memorysetup-temp-allocator-size-gfx=262144"
Player connection [2820] Host "[IP] 192.168.0.104 [Port] 0 [Flags] 2 [Guid] 3485319396 [EditorId] 3485319396 [Version] 1048832 [Id] WindowsEditor(7,MQuang) [Debug] 1 [PackageName] WindowsEditor [ProjectName] Editor" joined multi-casting on [225.0.0.222:54997]...

Player connection [2820] Host "[IP] 192.168.0.104 [Port] 0 [Flags] 2 [Guid] 3485319396 [EditorId] 3485319396 [Version] 1048832 [Id] WindowsEditor(7,MQuang) [Debug] 1 [PackageName] WindowsEditor [ProjectName] Editor" joined alternative multi-casting on [225.0.0.222:34997]...

[Physics::Module] Initialized MultithreadedJobDispatcher with 11 workers.
Refreshing native plugins compatible for Editor in 5.79 ms, found 4 plugins.
Preloading 0 native plugins for Editor in 0.00 ms.
Initialize engine version: 2022.3.27f1 (73effa14754f)
[Subsystems] Discovering subsystems at path E:/UnityEditor/2022.3.27f1/Editor/Data/Resources/UnitySubsystems
[Subsystems] Discovering subsystems at path F:/Unity_Project/Editor/PC/Offline/2D/Mini World/Assets
GfxDevice: creating device client; threaded=0; jobified=0
Direct3D:
    Version:  Direct3D 11.0 [level 11.1]
    Renderer: NVIDIA GeForce GTX 1650 (ID=0x1f9d)
    Vendor:   NVIDIA
    VRAM:     3962 MB
    Driver:   31.0.15.1748
Initialize mono
Mono path[0] = 'E:/UnityEditor/2022.3.27f1/Editor/Data/Managed'
Mono path[1] = 'E:/UnityEditor/2022.3.27f1/Editor/Data/MonoBleedingEdge/lib/mono/unityjit-win32'
Mono config path = 'E:/UnityEditor/2022.3.27f1/Editor/Data/MonoBleedingEdge/etc'
Using monoOptions --debugger-agent=transport=dt_socket,embedding=1,server=y,suspend=n,address=127.0.0.1:56076
Begin MonoManager ReloadAssembly
Registering precompiled unity dll's ...
Register platform support module: E:/UnityEditor/2022.3.27f1/Editor/Data/PlaybackEngines/WebGLSupport/UnityEditor.WebGL.Extensions.dll
Register platform support module: E:/UnityEditor/2022.3.27f1/Editor/Data/PlaybackEngines/AndroidPlayer/UnityEditor.Android.Extensions.dll
Register platform support module: E:/UnityEditor/2022.3.27f1/Editor/Data/PlaybackEngines/WindowsStandaloneSupport/UnityEditor.WindowsStandalone.Extensions.dll
Registered in 0.003061 seconds.
- Loaded All Assemblies, in  0.266 seconds
Native extension for WindowsStandalone target not found
Native extension for Android target not found
Android Extension - Scanning For ADB Devices 172 ms
Native extension for WebGL target not found
Mono: successfully reloaded assembly
- Finished resetting the current domain, in  0.438 seconds
Domain Reload Profiling: 704ms
	BeginReloadAssembly (78ms)
		ExecutionOrderSort (0ms)
		DisableScriptedObjects (0ms)
		BackupInstance (0ms)
		ReleaseScriptingObjects (0ms)
		CreateAndSetChildDomain (1ms)
	RebuildCommonClasses (27ms)
	RebuildNativeTypeToScriptingClass (9ms)
	initialDomainReloadingComplete (38ms)
	LoadAllAssembliesAndSetupDomain (113ms)
		LoadAssemblies (78ms)
		RebuildTransferFunctionScriptingTraits (0ms)
		AnalyzeDomain (112ms)
			TypeCache.Refresh (110ms)
				TypeCache.ScanAssembly (100ms)
			ScanForSourceGeneratedMonoScriptInfo (0ms)
			ResolveRequiredComponents (0ms)
	FinalizeReload (438ms)
		ReleaseScriptCaches (0ms)
		RebuildScriptCaches (0ms)
		SetupLoadedEditorAssemblies (390ms)
			LogAssemblyErrors (0ms)
			InitializePlatformSupportModulesInManaged (261ms)
			SetLoadedEditorAssemblies (3ms)
			RefreshPlugins (0ms)
			BeforeProcessingInitializeOnLoad (2ms)
			ProcessInitializeOnLoadAttributes (89ms)
			ProcessInitializeOnLoadMethodAttributes (34ms)
			AfterProcessingInitializeOnLoad (0ms)
			EditorAssembliesLoaded (0ms)
		ExecutionOrderSort2 (0ms)
		AwakeInstancesAfterBackupRestoration (0ms)
========================================================================
Worker process is ready to serve import requests
Begin MonoManager ReloadAssembly
- Loaded All Assemblies, in  0.529 seconds
Refreshing native plugins compatible for Editor in 2.09 ms, found 4 plugins.
Native extension for WindowsStandalone target not found
Native extension for Android target not found
Native extension for WebGL target not found
Package Manager log level set to [2]
[Package Manager] Server::EnsureServerProcessIsRunning -- launch failed, reason: Unity was launched with the -noUpm command-line argument
[Package Manager] UpmClient::Send -- Unable to send message (not connected to UPM process).
[Package Manager] Cannot connect to Unity Package Manager local server
Mono: successfully reloaded assembly
- Finished resetting the current domain, in  0.555 seconds
Domain Reload Profiling: 1084ms
	BeginReloadAssembly (111ms)
		ExecutionOrderSort (0ms)
		DisableScriptedObjects (4ms)
		BackupInstance (0ms)
		ReleaseScriptingObjects (0ms)
		CreateAndSetChildDomain (20ms)
	RebuildCommonClasses (27ms)
	RebuildNativeTypeToScriptingClass (9ms)
	initialDomainReloadingComplete (31ms)
	LoadAllAssembliesAndSetupDomain (351ms)
		LoadAssemblies (229ms)
		RebuildTransferFunctionScriptingTraits (0ms)
		AnalyzeDomain (183ms)
			TypeCache.Refresh (151ms)
				TypeCache.ScanAssembly (133ms)
			ScanForSourceGeneratedMonoScriptInfo (23ms)
			ResolveRequiredComponents (8ms)
	FinalizeReload (556ms)
		ReleaseScriptCaches (0ms)
		RebuildScriptCaches (0ms)
		SetupLoadedEditorAssemblies (413ms)
			LogAssemblyErrors (0ms)
			InitializePlatformSupportModulesInManaged (17ms)
			SetLoadedEditorAssemblies (5ms)
			RefreshPlugins (0ms)
			BeforeProcessingInitializeOnLoad (64ms)
			ProcessInitializeOnLoadAttributes (258ms)
			ProcessInitializeOnLoadMethodAttributes (67ms)
			AfterProcessingInitializeOnLoad (1ms)
			EditorAssembliesLoaded (0ms)
		ExecutionOrderSort2 (0ms)
		AwakeInstancesAfterBackupRestoration (4ms)
Launched and connected shader compiler UnityShaderCompiler.exe after 0.03 seconds
Refreshing native plugins compatible for Editor in 2.07 ms, found 4 plugins.
Preloading 0 native plugins for Editor in 0.00 ms.
Unloading 5673 Unused Serialized files (Serialized files now loaded: 0)
Unloading 101 unused Assets / (0.9 MB). Loaded Objects now: 6119.
Memory consumption went from 224.7 MB to 223.8 MB.
Total: 4.084200 ms (FindLiveObjects: 0.431000 ms CreateObjectMapping: 0.218800 ms MarkObjects: 3.043700 ms  DeleteObjects: 0.389600 ms)

AssetImportParameters requested are different than current active one (requested -> active):
  custom:container-demuxer-ogg: 62fdf1f143b41e24485cea50d1cbac27 -> 
  custom:video-codec-MediaFoundation-h265: 746d11721c4dcdbdad8f713fa42b33f4 -> 
  custom:video-decoder-ogg-theora: a1e56fd34408186e4bbccfd4996cb3dc -> 
  custom:framework-win-MediaFoundation: 216162199b28c13a410421893ffa2e32 -> 
  custom:CustomObjectIndexerAttribute: 72b91833f83ae208fae7752999fa3104 -> 
  custom:container-demuxer-webm: 4f35f7cbe854078d1ac9338744f61a02 -> 
  custom:container-muxer-webm: aa71ff27fc2769a1b78a27578f13a17b -> 
  custom:video-decoder-webm-vp8: 9c59270c3fd7afecdb556c50c9e8de78 -> 
  custom:SearchIndexIgnoredProperties: e643bd26f0fe6173181afceb89e7c659 -> 
  custom:AudioImporter_EditorPlatform: d09bf68614088b80899f8185d706f6e7 -> 
  custom:video-encoder-webm-vp8: eb34c28f22e8b96e1ab97ce403110664 -> 
  custom:audio-decoder-ogg-vorbis: bf7c407c2cedff20999df2af8eb42d56 -> 
  custom:audio-encoder-webm-vorbis: bf7c407c2cedff20999df2af8eb42d56 -> 
========================================================================
Received Import Request.
  Time since last request: 1961.777886 seconds.
  path: Assets/G_Assets/Local/MiniWorld/MiniWorldSprites/Buildings/Cyan/CyanBarracks.png
  artifactKey: Guid(ec95614d32ebac249981589f9724da4e) Importer(815301076,1909f56bfc062723c751e8b465ee728b)
Start importing Assets/G_Assets/Local/MiniWorld/MiniWorldSprites/Buildings/Cyan/CyanBarracks.png using Guid(ec95614d32ebac249981589f9724da4e) Importer(815301076,1909f56bfc062723c751e8b465ee728b)  -> (artifact id: '4e15051711d126f04b160f8cf0c425fa') in 0.063085 seconds
Number of updated asset objects reloaded before import = 0
Number of asset objects unloaded after import = 2
========================================================================
Received Import Request.
  Time since last request: 4.780672 seconds.
  path: Assets/G_Assets/Local/MiniWorld/MiniWorldSprites/Buildings/Cyan/CyanBarracks.png
  artifactKey: Guid(ec95614d32ebac249981589f9724da4e) Importer(815301076,1909f56bfc062723c751e8b465ee728b)
Start importing Assets/G_Assets/Local/MiniWorld/MiniWorldSprites/Buildings/Cyan/CyanBarracks.png using Guid(ec95614d32ebac249981589f9724da4e) Importer(815301076,1909f56bfc062723c751e8b465ee728b)  -> (artifact id: '4daed72b062fd0a2013d13a27834ef63') in 0.104973 seconds
Number of updated asset objects reloaded before import = 0
Number of asset objects unloaded after import = 22
========================================================================
Received Import Request.
  Time since last request: 15.971394 seconds.
  path: Assets/G_Assets/Local/MiniWorld/MiniWorldSprites/Buildings/Cyan/CyanChapels.png
  artifactKey: Guid(a9446b1236150da469e56c61ca37953d) Importer(815301076,1909f56bfc062723c751e8b465ee728b)
Start importing Assets/G_Assets/Local/MiniWorld/MiniWorldSprites/Buildings/Cyan/CyanChapels.png using Guid(a9446b1236150da469e56c61ca37953d) Importer(815301076,1909f56bfc062723c751e8b465ee728b)  -> (artifact id: 'ec455b91c9e15905f6da7cfb0d414141') in 0.011593 seconds
Number of updated asset objects reloaded before import = 0
Number of asset objects unloaded after import = 2
========================================================================
Received Import Request.
  Time since last request: 2.979560 seconds.
  path: Assets/G_Assets/Local/MiniWorld/MiniWorldSprites/Buildings/Cyan/CyanChapels.png
  artifactKey: Guid(a9446b1236150da469e56c61ca37953d) Importer(815301076,1909f56bfc062723c751e8b465ee728b)
Start importing Assets/G_Assets/Local/MiniWorld/MiniWorldSprites/Buildings/Cyan/CyanChapels.png using Guid(a9446b1236150da469e56c61ca37953d) Importer(815301076,1909f56bfc062723c751e8b465ee728b)  -> (artifact id: 'f709a55765cba851f61756e562880399') in 0.038283 seconds
Number of updated asset objects reloaded before import = 0
Number of asset objects unloaded after import = 8
========================================================================
Received Import Request.
  Time since last request: 5.427443 seconds.
  path: Assets/G_Assets/Local/MiniWorld/MiniWorldSprites/Buildings/Cyan/CyanDocks.png
  artifactKey: Guid(4514dca745775ab44b37e3c33b49d7bd) Importer(815301076,1909f56bfc062723c751e8b465ee728b)
Start importing Assets/G_Assets/Local/MiniWorld/MiniWorldSprites/Buildings/Cyan/CyanDocks.png using Guid(4514dca745775ab44b37e3c33b49d7bd) Importer(815301076,1909f56bfc062723c751e8b465ee728b)  -> (artifact id: '15878518b6b23c31ef2ed2d0c36bf230') in 0.013680 seconds
Number of updated asset objects reloaded before import = 0
Number of asset objects unloaded after import = 2
========================================================================
Received Import Request.
  Time since last request: 3.158149 seconds.
  path: Assets/G_Assets/Local/MiniWorld/MiniWorldSprites/Buildings/Cyan/CyanDocks.png
  artifactKey: Guid(4514dca745775ab44b37e3c33b49d7bd) Importer(815301076,1909f56bfc062723c751e8b465ee728b)
Start importing Assets/G_Assets/Local/MiniWorld/MiniWorldSprites/Buildings/Cyan/CyanDocks.png using Guid(4514dca745775ab44b37e3c33b49d7bd) Importer(815301076,1909f56bfc062723c751e8b465ee728b)  -> (artifact id: '7b9b0024667d276439de0794c2af349f') in 0.046554 seconds
Number of updated asset objects reloaded before import = 0
Number of asset objects unloaded after import = 10
========================================================================
Received Import Request.
  Time since last request: 5.078075 seconds.
  path: Assets/G_Assets/Local/MiniWorld/MiniWorldSprites/Buildings/Cyan/CyanHouses.png
  artifactKey: Guid(024ffc60cd795ea409777d487286dad4) Importer(815301076,1909f56bfc062723c751e8b465ee728b)
Start importing Assets/G_Assets/Local/MiniWorld/MiniWorldSprites/Buildings/Cyan/CyanHouses.png using Guid(024ffc60cd795ea409777d487286dad4) Importer(815301076,1909f56bfc062723c751e8b465ee728b)  -> (artifact id: '3106ef59b6fcdc89c4c4798fc66fd304') in 0.012323 seconds
Number of updated asset objects reloaded before import = 0
Number of asset objects unloaded after import = 2
========================================================================
Received Import Request.
  Time since last request: 3.112121 seconds.
  path: Assets/G_Assets/Local/MiniWorld/MiniWorldSprites/Buildings/Cyan/CyanHouses.png
  artifactKey: Guid(024ffc60cd795ea409777d487286dad4) Importer(815301076,1909f56bfc062723c751e8b465ee728b)
Start importing Assets/G_Assets/Local/MiniWorld/MiniWorldSprites/Buildings/Cyan/CyanHouses.png using Guid(024ffc60cd795ea409777d487286dad4) Importer(815301076,1909f56bfc062723c751e8b465ee728b)  -> (artifact id: '20495670b7133208729299e39127f1de') in 0.060695 seconds
Number of updated asset objects reloaded before import = 0
Number of asset objects unloaded after import = 14
========================================================================
Received Import Request.
  Time since last request: 4.162514 seconds.
  path: Assets/G_Assets/Local/MiniWorld/MiniWorldSprites/Buildings/Cyan/CyanHuts.png
  artifactKey: Guid(1f52cef29ddfa1341811d4ac8b5b508b) Importer(815301076,1909f56bfc062723c751e8b465ee728b)
Start importing Assets/G_Assets/Local/MiniWorld/MiniWorldSprites/Buildings/Cyan/CyanHuts.png using Guid(1f52cef29ddfa1341811d4ac8b5b508b) Importer(815301076,1909f56bfc062723c751e8b465ee728b)  -> (artifact id: 'b0d23ccc9a3e29aede287e4994b916c6') in 0.011334 seconds
Number of updated asset objects reloaded before import = 0
Number of asset objects unloaded after import = 2
========================================================================
Received Import Request.
  Time since last request: 2.944486 seconds.
  path: Assets/G_Assets/Local/MiniWorld/MiniWorldSprites/Buildings/Cyan/CyanHuts.png
  artifactKey: Guid(1f52cef29ddfa1341811d4ac8b5b508b) Importer(815301076,1909f56bfc062723c751e8b465ee728b)
Start importing Assets/G_Assets/Local/MiniWorld/MiniWorldSprites/Buildings/Cyan/CyanHuts.png using Guid(1f52cef29ddfa1341811d4ac8b5b508b) Importer(815301076,1909f56bfc062723c751e8b465ee728b)  -> (artifact id: '8f0d08e890ff64f009c9ef5836dfc3b8') in 0.031707 seconds
Number of updated asset objects reloaded before import = 0
Number of asset objects unloaded after import = 7
========================================================================
Received Import Request.
  Time since last request: 4.660747 seconds.
  path: Assets/G_Assets/Local/MiniWorld/MiniWorldSprites/Buildings/Cyan/CyanKeep.png
  artifactKey: Guid(c6e434daed5b66c4a9075fd2bada8132) Importer(815301076,1909f56bfc062723c751e8b465ee728b)
Start importing Assets/G_Assets/Local/MiniWorld/MiniWorldSprites/Buildings/Cyan/CyanKeep.png using Guid(c6e434daed5b66c4a9075fd2bada8132) Importer(815301076,1909f56bfc062723c751e8b465ee728b)  -> (artifact id: 'd780dc1253bf8f0f768cf40860332cc6') in 0.012598 seconds
Number of updated asset objects reloaded before import = 0
Number of asset objects unloaded after import = 2
========================================================================
Received Import Request.
  Time since last request: 5.317601 seconds.
  path: Assets/G_Assets/Local/MiniWorld/MiniWorldSprites/Buildings/Cyan/CyanKeep.png
  artifactKey: Guid(c6e434daed5b66c4a9075fd2bada8132) Importer(815301076,1909f56bfc062723c751e8b465ee728b)
Start importing Assets/G_Assets/Local/MiniWorld/MiniWorldSprites/Buildings/Cyan/CyanKeep.png using Guid(c6e434daed5b66c4a9075fd2bada8132) Importer(815301076,1909f56bfc062723c751e8b465ee728b)  -> (artifact id: '6cf02d2471289feecf2b6e602de0696a') in 0.101034 seconds
Number of updated asset objects reloaded before import = 0
Number of asset objects unloaded after import = 26
========================================================================
Received Import Request.
  Time since last request: 7.593514 seconds.
  path: Assets/G_Assets/Local/MiniWorld/MiniWorldSprites/Buildings/Cyan/CyanMarket.png
  artifactKey: Guid(dabe93f734a9ee7459622ac47eeb4720) Importer(815301076,1909f56bfc062723c751e8b465ee728b)
Start importing Assets/G_Assets/Local/MiniWorld/MiniWorldSprites/Buildings/Cyan/CyanMarket.png using Guid(dabe93f734a9ee7459622ac47eeb4720) Importer(815301076,1909f56bfc062723c751e8b465ee728b)  -> (artifact id: 'c4a1900126f8c3cf8075a3027665e66d') in 0.013674 seconds
Number of updated asset objects reloaded before import = 0
Number of asset objects unloaded after import = 2
========================================================================
Received Import Request.
  Time since last request: 2.845729 seconds.
  path: Assets/G_Assets/Local/MiniWorld/MiniWorldSprites/Buildings/Cyan/CyanMarket.png
  artifactKey: Guid(dabe93f734a9ee7459622ac47eeb4720) Importer(815301076,1909f56bfc062723c751e8b465ee728b)
Start importing Assets/G_Assets/Local/MiniWorld/MiniWorldSprites/Buildings/Cyan/CyanMarket.png using Guid(dabe93f734a9ee7459622ac47eeb4720) Importer(815301076,1909f56bfc062723c751e8b465ee728b)  -> (artifact id: '566de6d40aa3f2b002ceb6d34ed0c544') in 0.053692 seconds
Number of updated asset objects reloaded before import = 0
Number of asset objects unloaded after import = 14
========================================================================
Received Import Request.
  Time since last request: 7.164438 seconds.
  path: Assets/G_Assets/Local/MiniWorld/MiniWorldSprites/Buildings/Cyan/CyanResources.png
  artifactKey: Guid(6b3ca67501002384dad9569bf75d2762) Importer(815301076,1909f56bfc062723c751e8b465ee728b)
Start importing Assets/G_Assets/Local/MiniWorld/MiniWorldSprites/Buildings/Cyan/CyanResources.png using Guid(6b3ca67501002384dad9569bf75d2762) Importer(815301076,1909f56bfc062723c751e8b465ee728b)  -> (artifact id: '99b02ee93e9581f38bba0cf0736837de') in 0.012931 seconds
Number of updated asset objects reloaded before import = 0
Number of asset objects unloaded after import = 2
========================================================================
Received Import Request.
  Time since last request: 2.317348 seconds.
  path: Assets/G_Assets/Local/MiniWorld/MiniWorldSprites/Buildings/Cyan/CyanResources.png
  artifactKey: Guid(6b3ca67501002384dad9569bf75d2762) Importer(815301076,1909f56bfc062723c751e8b465ee728b)
Start importing Assets/G_Assets/Local/MiniWorld/MiniWorldSprites/Buildings/Cyan/CyanResources.png using Guid(6b3ca67501002384dad9569bf75d2762) Importer(815301076,1909f56bfc062723c751e8b465ee728b)  -> (artifact id: 'f0c39947a9f68622b7d0d7ce47a01caa') in 0.062195 seconds
Number of updated asset objects reloaded before import = 0
Number of asset objects unloaded after import = 17
========================================================================
Received Import Request.
  Time since last request: 5.534931 seconds.
  path: Assets/G_Assets/Local/MiniWorld/MiniWorldSprites/Buildings/Cyan/CyanShip.png
  artifactKey: Guid(f08c7edd0d78eb84b895d2dea51a5321) Importer(815301076,1909f56bfc062723c751e8b465ee728b)
Start importing Assets/G_Assets/Local/MiniWorld/MiniWorldSprites/Buildings/Cyan/CyanShip.png using Guid(f08c7edd0d78eb84b895d2dea51a5321) Importer(815301076,1909f56bfc062723c751e8b465ee728b)  -> (artifact id: '0fc481095c87b53b097b2dc5aad3f376') in 0.013617 seconds
Number of updated asset objects reloaded before import = 0
Number of asset objects unloaded after import = 2
========================================================================
Received Import Request.
  Time since last request: 9.333869 seconds.
  path: Assets/G_Assets/Local/MiniWorld/MiniWorldSprites/Buildings/Cyan/CyanShip.png
  artifactKey: Guid(f08c7edd0d78eb84b895d2dea51a5321) Importer(815301076,1909f56bfc062723c751e8b465ee728b)
Start importing Assets/G_Assets/Local/MiniWorld/MiniWorldSprites/Buildings/Cyan/CyanShip.png using Guid(f08c7edd0d78eb84b895d2dea51a5321) Importer(815301076,1909f56bfc062723c751e8b465ee728b)  -> (artifact id: 'b0ef37726666b9ee95626ee9929995d2') in 0.023830 seconds
Number of updated asset objects reloaded before import = 0
Number of asset objects unloaded after import = 5
========================================================================
Received Import Request.
  Time since last request: 4.717856 seconds.
  path: Assets/G_Assets/Local/MiniWorld/MiniWorldSprites/Buildings/Cyan/CyanTaverns.png
  artifactKey: Guid(57f1b8e7f1086bb49993fd6ace43788e) Importer(815301076,1909f56bfc062723c751e8b465ee728b)
Start importing Assets/G_Assets/Local/MiniWorld/MiniWorldSprites/Buildings/Cyan/CyanTaverns.png using Guid(57f1b8e7f1086bb49993fd6ace43788e) Importer(815301076,1909f56bfc062723c751e8b465ee728b)  -> (artifact id: '04b55dddc6281580660c87d856bf8c3d') in 0.013985 seconds
Number of updated asset objects reloaded before import = 0
Number of asset objects unloaded after import = 2
========================================================================
Received Import Request.
  Time since last request: 7.686551 seconds.
  path: Assets/G_Assets/Local/MiniWorld/MiniWorldSprites/Buildings/Cyan/CyanTaverns.png
  artifactKey: Guid(57f1b8e7f1086bb49993fd6ace43788e) Importer(815301076,1909f56bfc062723c751e8b465ee728b)
Start importing Assets/G_Assets/Local/MiniWorld/MiniWorldSprites/Buildings/Cyan/CyanTaverns.png using Guid(57f1b8e7f1086bb49993fd6ace43788e) Importer(815301076,1909f56bfc062723c751e8b465ee728b)  -> (artifact id: '8ce4b36677284e71f459a4a8b095f39e') in 0.057525 seconds
Number of updated asset objects reloaded before import = 0
Number of asset objects unloaded after import = 14
========================================================================
Received Import Request.
  Time since last request: 5.318338 seconds.
  path: Assets/G_Assets/Local/MiniWorld/MiniWorldSprites/Buildings/Cyan/CyanTower.png
  artifactKey: Guid(81bff8a4856f0494cb204915b571042d) Importer(815301076,1909f56bfc062723c751e8b465ee728b)
Start importing Assets/G_Assets/Local/MiniWorld/MiniWorldSprites/Buildings/Cyan/CyanTower.png using Guid(81bff8a4856f0494cb204915b571042d) Importer(815301076,1909f56bfc062723c751e8b465ee728b)  -> (artifact id: '0ee7dd2c49aa6e886a6c406b0f2d1240') in 0.013036 seconds
Number of updated asset objects reloaded before import = 0
Number of asset objects unloaded after import = 2
========================================================================
Received Import Request.
  Time since last request: 8.250934 seconds.
  path: Assets/G_Assets/Local/MiniWorld/MiniWorldSprites/Buildings/Cyan/CyanTower.png
  artifactKey: Guid(81bff8a4856f0494cb204915b571042d) Importer(815301076,1909f56bfc062723c751e8b465ee728b)
Start importing Assets/G_Assets/Local/MiniWorld/MiniWorldSprites/Buildings/Cyan/CyanTower.png using Guid(81bff8a4856f0494cb204915b571042d) Importer(815301076,1909f56bfc062723c751e8b465ee728b)  -> (artifact id: 'd9773b691712179baed942cfeaed8307') in 0.066611 seconds
Number of updated asset objects reloaded before import = 0
Number of asset objects unloaded after import = 16
========================================================================
Received Import Request.
  Time since last request: 4.754513 seconds.
  path: Assets/G_Assets/Local/MiniWorld/MiniWorldSprites/Buildings/Cyan/CyanWell.png
  artifactKey: Guid(cf822819be11d954faee795863f432b8) Importer(815301076,1909f56bfc062723c751e8b465ee728b)
Start importing Assets/G_Assets/Local/MiniWorld/MiniWorldSprites/Buildings/Cyan/CyanWell.png using Guid(cf822819be11d954faee795863f432b8) Importer(815301076,1909f56bfc062723c751e8b465ee728b)  -> (artifact id: '61b6584e8ccc604048b92b2f3c104dbb') in 0.011787 seconds
Number of updated asset objects reloaded before import = 0
Number of asset objects unloaded after import = 2
========================================================================
Received Import Request.
  Time since last request: 2.689380 seconds.
  path: Assets/G_Assets/Local/MiniWorld/MiniWorldSprites/Buildings/Cyan/CyanWell.png
  artifactKey: Guid(cf822819be11d954faee795863f432b8) Importer(815301076,1909f56bfc062723c751e8b465ee728b)
Start importing Assets/G_Assets/Local/MiniWorld/MiniWorldSprites/Buildings/Cyan/CyanWell.png using Guid(cf822819be11d954faee795863f432b8) Importer(815301076,1909f56bfc062723c751e8b465ee728b)  -> (artifact id: '206537a1d15cbdfc456eb9a07f7a7ed5') in 0.032306 seconds
Number of updated asset objects reloaded before import = 0
Number of asset objects unloaded after import = 8
========================================================================
Received Import Request.
  Time since last request: 4.656107 seconds.
  path: Assets/G_Assets/Local/MiniWorld/MiniWorldSprites/Buildings/Cyan/CyanWorkshops.png
  artifactKey: Guid(4ea7deef2c186b642a40e030aed85ee2) Importer(815301076,1909f56bfc062723c751e8b465ee728b)
Start importing Assets/G_Assets/Local/MiniWorld/MiniWorldSprites/Buildings/Cyan/CyanWorkshops.png using Guid(4ea7deef2c186b642a40e030aed85ee2) Importer(815301076,1909f56bfc062723c751e8b465ee728b)  -> (artifact id: 'd2a3a061cd62ed8e95434292c7e6e72b') in 0.012888 seconds
Number of updated asset objects reloaded before import = 0
Number of asset objects unloaded after import = 2
========================================================================
Received Import Request.
  Time since last request: 3.411608 seconds.
  path: Assets/G_Assets/Local/MiniWorld/MiniWorldSprites/Buildings/Cyan/CyanWorkshops.png
  artifactKey: Guid(4ea7deef2c186b642a40e030aed85ee2) Importer(815301076,1909f56bfc062723c751e8b465ee728b)
Start importing Assets/G_Assets/Local/MiniWorld/MiniWorldSprites/Buildings/Cyan/CyanWorkshops.png using Guid(4ea7deef2c186b642a40e030aed85ee2) Importer(815301076,1909f56bfc062723c751e8b465ee728b)  -> (artifact id: '3e2aafbc717b8c51cdd94e5c6f046309') in 0.045109 seconds
Number of updated asset objects reloaded before import = 0
Number of asset objects unloaded after import = 11
========================================================================
Received Import Request.
  Time since last request: 1.629061 seconds.
  path: Assets/G_Assets/Local/MiniWorld/MiniWorldSprites/Buildings/Enemy/Mausoleum.png
  artifactKey: Guid(5587ce3ab34f6084496479c992322256) Importer(815301076,1909f56bfc062723c751e8b465ee728b)
Start importing Assets/G_Assets/Local/MiniWorld/MiniWorldSprites/Buildings/Enemy/Mausoleum.png using Guid(5587ce3ab34f6084496479c992322256) Importer(815301076,1909f56bfc062723c751e8b465ee728b)  -> (artifact id: 'b7415e4af2853b0aa3da55e119e5a4d5') in 0.019665 seconds
Number of updated asset objects reloaded before import = 0
Number of asset objects unloaded after import = 3
========================================================================
Received Import Request.
  Time since last request: 1.086106 seconds.
  path: Assets/G_Assets/Local/MiniWorld/MiniWorldSprites/Buildings/Enemy/Orc
  artifactKey: Guid(281c399709a08f748a4edeb154489d72) Importer(815301076,1909f56bfc062723c751e8b465ee728b)
Start importing Assets/G_Assets/Local/MiniWorld/MiniWorldSprites/Buildings/Enemy/Orc using Guid(281c399709a08f748a4edeb154489d72) Importer(815301076,1909f56bfc062723c751e8b465ee728b)  -> (artifact id: '07f81bada47e9e2d13b358fe83830a8f') in 0.000721 seconds
Number of updated asset objects reloaded before import = 0
Number of asset objects unloaded after import = 0
========================================================================
Received Import Request.
  Time since last request: 0.063097 seconds.
  path: Assets/G_Assets/Local/MiniWorld/MiniWorldSprites/Buildings/Enemy/Orc/AllBuildings-Preview.png
  artifactKey: Guid(2e02518341846c342a28206e7a15768c) Importer(815301076,1909f56bfc062723c751e8b465ee728b)
Start importing Assets/G_Assets/Local/MiniWorld/MiniWorldSprites/Buildings/Enemy/Orc/AllBuildings-Preview.png using Guid(2e02518341846c342a28206e7a15768c) Importer(815301076,1909f56bfc062723c751e8b465ee728b)  -> (artifact id: '9ee82e4a07d68fed6a32fb36928168fa') in 0.025401 seconds
Number of updated asset objects reloaded before import = 0
Number of asset objects unloaded after import = 3
========================================================================
Received Import Request.
  Time since last request: 4.574575 seconds.
  path: Assets/G_Assets/Local/MiniWorld/MiniWorldSprites/Buildings/Enemy/Orc/AllBuildings-Preview.png
  artifactKey: Guid(2e02518341846c342a28206e7a15768c) Importer(815301076,1909f56bfc062723c751e8b465ee728b)
Start importing Assets/G_Assets/Local/MiniWorld/MiniWorldSprites/Buildings/Enemy/Orc/AllBuildings-Preview.png using Guid(2e02518341846c342a28206e7a15768c) Importer(815301076,1909f56bfc062723c751e8b465ee728b)  -> (artifact id: '49435a2e1e2bbb41f23131ee4dce89d5') in 0.012492 seconds
Number of updated asset objects reloaded before import = 0
Number of asset objects unloaded after import = 2
========================================================================
Received Import Request.
  Time since last request: 15.354972 seconds.
  path: Assets/G_Assets/Local/MiniWorld/MiniWorldSprites/Buildings/Lime/LimeBarracks.png
  artifactKey: Guid(3f942ada50bae3b4bae9c40197eb6f75) Importer(815301076,1909f56bfc062723c751e8b465ee728b)
Start importing Assets/G_Assets/Local/MiniWorld/MiniWorldSprites/Buildings/Lime/LimeBarracks.png using Guid(3f942ada50bae3b4bae9c40197eb6f75) Importer(815301076,1909f56bfc062723c751e8b465ee728b)  -> (artifact id: '8a308fe5794acbcf6ae4707b37b17d6a') in 0.022354 seconds
Number of updated asset objects reloaded before import = 0
Number of asset objects unloaded after import = 3
========================================================================
Received Import Request.
  Time since last request: 0.000037 seconds.
  path: Assets/G_Assets/Local/MiniWorld/MiniWorldSprites/Buildings/Lime/LimeHouses.png
  artifactKey: Guid(b709b1d06e8cf8c478726b30b1a078bb) Importer(815301076,1909f56bfc062723c751e8b465ee728b)
Start importing Assets/G_Assets/Local/MiniWorld/MiniWorldSprites/Buildings/Lime/LimeHouses.png using Guid(b709b1d06e8cf8c478726b30b1a078bb) Importer(815301076,1909f56bfc062723c751e8b465ee728b)  -> (artifact id: '5a787ac050ed91ce5ef23061a3ba2f22') in 0.022785 seconds
Number of updated asset objects reloaded before import = 0
Number of asset objects unloaded after import = 3
========================================================================
Received Import Request.
  Time since last request: 0.000019 seconds.
  path: Assets/G_Assets/Local/MiniWorld/MiniWorldSprites/Buildings/Lime/LimeKeep.png
  artifactKey: Guid(d1d54eb1f36d14c46b742b7993ce6160) Importer(815301076,1909f56bfc062723c751e8b465ee728b)
Start importing Assets/G_Assets/Local/MiniWorld/MiniWorldSprites/Buildings/Lime/LimeKeep.png using Guid(d1d54eb1f36d14c46b742b7993ce6160) Importer(815301076,1909f56bfc062723c751e8b465ee728b)  -> (artifact id: '81d282160bd5432420184b11e6b80a43') in 0.022695 seconds
Number of updated asset objects reloaded before import = 0
Number of asset objects unloaded after import = 3
========================================================================
Received Import Request.
  Time since last request: 0.000023 seconds.
  path: Assets/G_Assets/Local/MiniWorld/MiniWorldSprites/Buildings/Lime/LimeDocks.png
  artifactKey: Guid(760e471d31d171c4aa51c6371e611f12) Importer(815301076,1909f56bfc062723c751e8b465ee728b)
Start importing Assets/G_Assets/Local/MiniWorld/MiniWorldSprites/Buildings/Lime/LimeDocks.png using Guid(760e471d31d171c4aa51c6371e611f12) Importer(815301076,1909f56bfc062723c751e8b465ee728b)  -> (artifact id: 'f0c0ead0ebde2e860f4658bcc82533e7') in 0.019547 seconds
Number of updated asset objects reloaded before import = 0
Number of asset objects unloaded after import = 3
========================================================================
Received Import Request.
  Time since last request: 0.000022 seconds.
  path: Assets/G_Assets/Local/MiniWorld/MiniWorldSprites/Buildings/Lime/LimeTower.png
  artifactKey: Guid(57692b984d7ccf84094da8b8b76f48d0) Importer(815301076,1909f56bfc062723c751e8b465ee728b)
Start importing Assets/G_Assets/Local/MiniWorld/MiniWorldSprites/Buildings/Lime/LimeTower.png using Guid(57692b984d7ccf84094da8b8b76f48d0) Importer(815301076,1909f56bfc062723c751e8b465ee728b)  -> (artifact id: '86c83dddd1cf4434de5c2a51d57a5a0d') in 0.021827 seconds
Number of updated asset objects reloaded before import = 0
Number of asset objects unloaded after import = 3
========================================================================
Received Import Request.
  Time since last request: 0.000023 seconds.
  path: Assets/G_Assets/Local/MiniWorld/MiniWorldSprites/Buildings/Lime/LimeHuts.png
  artifactKey: Guid(6c69cbb1931d6574f86bc06b76af5936) Importer(815301076,1909f56bfc062723c751e8b465ee728b)
Start importing Assets/G_Assets/Local/MiniWorld/MiniWorldSprites/Buildings/Lime/LimeHuts.png using Guid(6c69cbb1931d6574f86bc06b76af5936) Importer(815301076,1909f56bfc062723c751e8b465ee728b)  -> (artifact id: '78a3107535e325e1d023ded6bfb1e6ea') in 0.018954 seconds
Number of updated asset objects reloaded before import = 0
Number of asset objects unloaded after import = 3
========================================================================
Received Import Request.
  Time since last request: 0.987751 seconds.
  path: Assets/G_Assets/Local/MiniWorld/MiniWorldSprites/Buildings/Purple/PurpleBarracks.png
  artifactKey: Guid(51791bdcb719391429e83bc552bd3687) Importer(815301076,1909f56bfc062723c751e8b465ee728b)
Start importing Assets/G_Assets/Local/MiniWorld/MiniWorldSprites/Buildings/Purple/PurpleBarracks.png using Guid(51791bdcb719391429e83bc552bd3687) Importer(815301076,1909f56bfc062723c751e8b465ee728b)  -> (artifact id: 'af2323ced6a155b3f1782a2bd62529fc') in 0.014825 seconds
Number of updated asset objects reloaded before import = 0
Number of asset objects unloaded after import = 3
========================================================================
Received Import Request.
  Time since last request: 0.000031 seconds.
  path: Assets/G_Assets/Local/MiniWorld/MiniWorldSprites/Buildings/Purple/PurpleResources.png
  artifactKey: Guid(6f41450b0cc868c44a3545b7b80360fd) Importer(815301076,1909f56bfc062723c751e8b465ee728b)
Start importing Assets/G_Assets/Local/MiniWorld/MiniWorldSprites/Buildings/Purple/PurpleResources.png using Guid(6f41450b0cc868c44a3545b7b80360fd) Importer(815301076,1909f56bfc062723c751e8b465ee728b)  -> (artifact id: '7e054136e407e8dfa30aff43d10d02df') in 0.025436 seconds
Number of updated asset objects reloaded before import = 0
Number of asset objects unloaded after import = 3
========================================================================
Received Import Request.
  Time since last request: 0.000029 seconds.
  path: Assets/G_Assets/Local/MiniWorld/MiniWorldSprites/Buildings/Purple/PurpleWorkshops.png
  artifactKey: Guid(e466a69b02d377f448fc5d110724812d) Importer(815301076,1909f56bfc062723c751e8b465ee728b)
Start importing Assets/G_Assets/Local/MiniWorld/MiniWorldSprites/Buildings/Purple/PurpleWorkshops.png using Guid(e466a69b02d377f448fc5d110724812d) Importer(815301076,1909f56bfc062723c751e8b465ee728b)  -> (artifact id: '8597c4d62b6fe13b7bac2e00f22f7e8a') in 0.014781 seconds
Number of updated asset objects reloaded before import = 0
Number of asset objects unloaded after import = 3
========================================================================
Received Import Request.
  Time since last request: 0.000025 seconds.
  path: Assets/G_Assets/Local/MiniWorld/MiniWorldSprites/Buildings/Purple/PurpleTower.png
  artifactKey: Guid(9837921f4b42f3740a70a8e2e8018da1) Importer(815301076,1909f56bfc062723c751e8b465ee728b)
Start importing Assets/G_Assets/Local/MiniWorld/MiniWorldSprites/Buildings/Purple/PurpleTower.png using Guid(9837921f4b42f3740a70a8e2e8018da1) Importer(815301076,1909f56bfc062723c751e8b465ee728b)  -> (artifact id: '5ad6c4635eeeb0dba3f200bfdb4b73b3') in 0.015603 seconds
Number of updated asset objects reloaded before import = 0
Number of asset objects unloaded after import = 3
========================================================================
Received Import Request.
  Time since last request: 0.000029 seconds.
  path: Assets/G_Assets/Local/MiniWorld/MiniWorldSprites/Buildings/Purple/PurpleHouses.png
  artifactKey: Guid(416d475d1b75b4140bcc8894c49359ad) Importer(815301076,1909f56bfc062723c751e8b465ee728b)
Start importing Assets/G_Assets/Local/MiniWorld/MiniWorldSprites/Buildings/Purple/PurpleHouses.png using Guid(416d475d1b75b4140bcc8894c49359ad) Importer(815301076,1909f56bfc062723c751e8b465ee728b)  -> (artifact id: 'f594c91d83446168c12f2c3d5ce308d2') in 0.014756 seconds
Number of updated asset objects reloaded before import = 0
Number of asset objects unloaded after import = 3
========================================================================
Received Import Request.
  Time since last request: 0.000017 seconds.
  path: Assets/G_Assets/Local/MiniWorld/MiniWorldSprites/Buildings/Purple/PurpleTaverns.png
  artifactKey: Guid(28b8f499cd82d194483428f4c90962ec) Importer(815301076,1909f56bfc062723c751e8b465ee728b)
Start importing Assets/G_Assets/Local/MiniWorld/MiniWorldSprites/Buildings/Purple/PurpleTaverns.png using Guid(28b8f499cd82d194483428f4c90962ec) Importer(815301076,1909f56bfc062723c751e8b465ee728b)  -> (artifact id: '94c368bb93e1874d1fcf6c0e4f46bab9') in 0.015437 seconds
Number of updated asset objects reloaded before import = 0
Number of asset objects unloaded after import = 3
========================================================================
Received Import Request.
  Time since last request: 0.003736 seconds.
  path: Assets/G_Assets/Local/MiniWorld/MiniWorldSprites/Buildings/Purple/PurpleDocks.png
  artifactKey: Guid(2d2b0e8e8841a4246bd6717935a6e45c) Importer(815301076,1909f56bfc062723c751e8b465ee728b)
Start importing Assets/G_Assets/Local/MiniWorld/MiniWorldSprites/Buildings/Purple/PurpleDocks.png using Guid(2d2b0e8e8841a4246bd6717935a6e45c) Importer(815301076,1909f56bfc062723c751e8b465ee728b)  -> (artifact id: '67d01a4881058b140746aa4dabcdc4ee') in 0.014251 seconds
Number of updated asset objects reloaded before import = 0
Number of asset objects unloaded after import = 3
========================================================================
Received Import Request.
  Time since last request: 1.026183 seconds.
  path: Assets/G_Assets/Local/MiniWorld/MiniWorldSprites/Buildings/Red/RedBarracks.png
  artifactKey: Guid(3220dd2fbdb99a44d99841717c388079) Importer(815301076,1909f56bfc062723c751e8b465ee728b)
Start importing Assets/G_Assets/Local/MiniWorld/MiniWorldSprites/Buildings/Red/RedBarracks.png using Guid(3220dd2fbdb99a44d99841717c388079) Importer(815301076,1909f56bfc062723c751e8b465ee728b)  -> (artifact id: 'e5f6ff4e0a621ec23d813e18a3eb011f') in 0.024580 seconds
Number of updated asset objects reloaded before import = 0
Number of asset objects unloaded after import = 3
========================================================================
Received Import Request.
  Time since last request: 0.000020 seconds.
  path: Assets/G_Assets/Local/MiniWorld/MiniWorldSprites/Buildings/Red/RedShip.png
  artifactKey: Guid(6d1343ffa3dd98541b64e7cbba79ebce) Importer(815301076,1909f56bfc062723c751e8b465ee728b)
Start importing Assets/G_Assets/Local/MiniWorld/MiniWorldSprites/Buildings/Red/RedShip.png using Guid(6d1343ffa3dd98541b64e7cbba79ebce) Importer(815301076,1909f56bfc062723c751e8b465ee728b)  -> (artifact id: '8d30494ca5cb6bc9746ca6fa8545dffc') in 0.014559 seconds
Number of updated asset objects reloaded before import = 0
Number of asset objects unloaded after import = 3
========================================================================
Received Import Request.
  Time since last request: 0.000020 seconds.
  path: Assets/G_Assets/Local/MiniWorld/MiniWorldSprites/Buildings/Red/RedWell.png
  artifactKey: Guid(db68985fa27a46d4fb481726ce52cc88) Importer(815301076,1909f56bfc062723c751e8b465ee728b)
Start importing Assets/G_Assets/Local/MiniWorld/MiniWorldSprites/Buildings/Red/RedWell.png using Guid(db68985fa27a46d4fb481726ce52cc88) Importer(815301076,1909f56bfc062723c751e8b465ee728b)  -> (artifact id: '4fb0a480a8ca62e4ec68bb3fd447907e') in 0.017141 seconds
Number of updated asset objects reloaded before import = 0
Number of asset objects unloaded after import = 3
========================================================================
Received Import Request.
  Time since last request: 0.000024 seconds.
  path: Assets/G_Assets/Local/MiniWorld/MiniWorldSprites/Buildings/Red/RedHouses.png
  artifactKey: Guid(a5d201c7712d2a24381573691554881d) Importer(815301076,1909f56bfc062723c751e8b465ee728b)
Start importing Assets/G_Assets/Local/MiniWorld/MiniWorldSprites/Buildings/Red/RedHouses.png using Guid(a5d201c7712d2a24381573691554881d) Importer(815301076,1909f56bfc062723c751e8b465ee728b)  -> (artifact id: 'a2a6f79cf7f06f71d728cc6fed54c302') in 0.014312 seconds
Number of updated asset objects reloaded before import = 0
Number of asset objects unloaded after import = 3
========================================================================
Received Import Request.
  Time since last request: 0.000029 seconds.
  path: Assets/G_Assets/Local/MiniWorld/MiniWorldSprites/Buildings/Red/RedMarket.png
  artifactKey: Guid(267e8638b925a5840ba8550e04cdc1ef) Importer(815301076,1909f56bfc062723c751e8b465ee728b)
Start importing Assets/G_Assets/Local/MiniWorld/MiniWorldSprites/Buildings/Red/RedMarket.png using Guid(267e8638b925a5840ba8550e04cdc1ef) Importer(815301076,1909f56bfc062723c751e8b465ee728b)  -> (artifact id: 'a577fe647c7d07ac8ea79dfa0ff0bbda') in 0.016638 seconds
Number of updated asset objects reloaded before import = 0
Number of asset objects unloaded after import = 3
========================================================================
Received Import Request.
  Time since last request: 0.000049 seconds.
  path: Assets/G_Assets/Local/MiniWorld/MiniWorldSprites/Buildings/Red/RedResources.png
  artifactKey: Guid(061908bb2291bd144b6f78bee3a80f95) Importer(815301076,1909f56bfc062723c751e8b465ee728b)
Start importing Assets/G_Assets/Local/MiniWorld/MiniWorldSprites/Buildings/Red/RedResources.png using Guid(061908bb2291bd144b6f78bee3a80f95) Importer(815301076,1909f56bfc062723c751e8b465ee728b)  -> (artifact id: 'd9a3eec01bc0523eeb9da2a983fcd9a1') in 0.014274 seconds
Number of updated asset objects reloaded before import = 0
Number of asset objects unloaded after import = 3
========================================================================
Received Import Request.
  Time since last request: 0.000019 seconds.
  path: Assets/G_Assets/Local/MiniWorld/MiniWorldSprites/Buildings/Red/RedWorkshops.png
  artifactKey: Guid(ca1fe0c2418662b47b5fd7374c83c445) Importer(815301076,1909f56bfc062723c751e8b465ee728b)
Start importing Assets/G_Assets/Local/MiniWorld/MiniWorldSprites/Buildings/Red/RedWorkshops.png using Guid(ca1fe0c2418662b47b5fd7374c83c445) Importer(815301076,1909f56bfc062723c751e8b465ee728b)  -> (artifact id: 'ab5a330624c15cb6890052f4ba8df909') in 0.015201 seconds
Number of updated asset objects reloaded before import = 0
Number of asset objects unloaded after import = 3
========================================================================
Received Import Request.
  Time since last request: 0.219179 seconds.
  path: Assets/G_Assets/Local/MiniWorld/MiniWorldSprites/Buildings/Wood/Barracks.png
  artifactKey: Guid(c50fcc21a3f355145bc39e28663ad7ed) Importer(815301076,1909f56bfc062723c751e8b465ee728b)
Start importing Assets/G_Assets/Local/MiniWorld/MiniWorldSprites/Buildings/Wood/Barracks.png using Guid(c50fcc21a3f355145bc39e28663ad7ed) Importer(815301076,1909f56bfc062723c751e8b465ee728b)  -> (artifact id: 'ce002f648b4643dda7dba2e098e798f7') in 0.017109 seconds
Number of updated asset objects reloaded before import = 0
Number of asset objects unloaded after import = 3
========================================================================
Received Import Request.
  Time since last request: 0.000023 seconds.
  path: Assets/G_Assets/Local/MiniWorld/MiniWorldSprites/Buildings/Wood/Tower2.png
  artifactKey: Guid(bc6c764b4b2334b41a943ec64036171f) Importer(815301076,1909f56bfc062723c751e8b465ee728b)
Start importing Assets/G_Assets/Local/MiniWorld/MiniWorldSprites/Buildings/Wood/Tower2.png using Guid(bc6c764b4b2334b41a943ec64036171f) Importer(815301076,1909f56bfc062723c751e8b465ee728b)  -> (artifact id: '0674da2343382385b3b071efa0a321fa') in 0.015263 seconds
Number of updated asset objects reloaded before import = 0
Number of asset objects unloaded after import = 3
========================================================================
Received Import Request.
  Time since last request: 0.000047 seconds.
  path: Assets/G_Assets/Local/MiniWorld/MiniWorldSprites/Buildings/Wood/Huts.png
  artifactKey: Guid(819b109ec1ce87c42b65fcae2b4fda12) Importer(815301076,1909f56bfc062723c751e8b465ee728b)
Start importing Assets/G_Assets/Local/MiniWorld/MiniWorldSprites/Buildings/Wood/Huts.png using Guid(819b109ec1ce87c42b65fcae2b4fda12) Importer(815301076,1909f56bfc062723c751e8b465ee728b)  -> (artifact id: 'e542a005bea03abace29d306c663348b') in 0.017214 seconds
Number of updated asset objects reloaded before import = 0
Number of asset objects unloaded after import = 3
========================================================================
Received Import Request.
  Time since last request: 0.000028 seconds.
  path: Assets/G_Assets/Local/MiniWorld/MiniWorldSprites/Buildings/Wood/Chapels.png
  artifactKey: Guid(93f60e1a5e55ad34e97ad745cd8a9c03) Importer(815301076,1909f56bfc062723c751e8b465ee728b)
Start importing Assets/G_Assets/Local/MiniWorld/MiniWorldSprites/Buildings/Wood/Chapels.png using Guid(93f60e1a5e55ad34e97ad745cd8a9c03) Importer(815301076,1909f56bfc062723c751e8b465ee728b)  -> (artifact id: '934bef6d6a9b726f55b39970a2578bcc') in 0.021259 seconds
Number of updated asset objects reloaded before import = 0
Number of asset objects unloaded after import = 3
========================================================================
Received Import Request.
  Time since last request: 0.000022 seconds.
  path: Assets/G_Assets/Local/MiniWorld/MiniWorldSprites/Buildings/Wood/Taverns.png
  artifactKey: Guid(7f1e040bbdd1b974892ab6f02eb86184) Importer(815301076,1909f56bfc062723c751e8b465ee728b)
Start importing Assets/G_Assets/Local/MiniWorld/MiniWorldSprites/Buildings/Wood/Taverns.png using Guid(7f1e040bbdd1b974892ab6f02eb86184) Importer(815301076,1909f56bfc062723c751e8b465ee728b)  -> (artifact id: '55573d766b1676516f63ef096b2d9326') in 0.015939 seconds
Number of updated asset objects reloaded before import = 0
Number of asset objects unloaded after import = 3
========================================================================
Received Import Request.
  Time since last request: 0.000018 seconds.
  path: Assets/G_Assets/Local/MiniWorld/MiniWorldSprites/Buildings/Wood/Resources.png
  artifactKey: Guid(d35b41c73ce01fa439c0bdf53336935f) Importer(815301076,1909f56bfc062723c751e8b465ee728b)
Start importing Assets/G_Assets/Local/MiniWorld/MiniWorldSprites/Buildings/Wood/Resources.png using Guid(d35b41c73ce01fa439c0bdf53336935f) Importer(815301076,1909f56bfc062723c751e8b465ee728b)  -> (artifact id: 'a92ab40920baa403dadce3c878a34e45') in 0.017116 seconds
Number of updated asset objects reloaded before import = 0
Number of asset objects unloaded after import = 3
========================================================================
Received Import Request.
  Time since last request: 0.000031 seconds.
  path: Assets/G_Assets/Local/MiniWorld/MiniWorldSprites/Buildings/Wood/Keep.png
  artifactKey: Guid(e58d23b6c65c46b49a2d3fe42bf5c525) Importer(815301076,1909f56bfc062723c751e8b465ee728b)
Start importing Assets/G_Assets/Local/MiniWorld/MiniWorldSprites/Buildings/Wood/Keep.png using Guid(e58d23b6c65c46b49a2d3fe42bf5c525) Importer(815301076,1909f56bfc062723c751e8b465ee728b)  -> (artifact id: 'de17ddb0145cc42fa96006d3beec389f') in 0.017522 seconds
Number of updated asset objects reloaded before import = 0
Number of asset objects unloaded after import = 3
